TN:
SF:esbuild.js
FN:1,(empty-report)
FNF:1
FNH:0
FNDA:0,(empty-report)
DA:1,0
DA:2,0
DA:3,0
DA:4,0
DA:6,0
DA:7,0
DA:9,0
DA:10,0
DA:11,0
DA:12,0
DA:17,0
DA:19,0
DA:20,0
DA:22,0
DA:23,0
DA:24,0
DA:25,0
DA:27,0
DA:28,0
DA:29,0
DA:32,0
DA:33,0
DA:35,0
DA:36,0
DA:37,0
DA:38,0
DA:40,0
DA:41,0
DA:42,0
DA:43,0
DA:48,0
DA:49,0
DA:51,0
DA:52,0
DA:53,0
DA:55,0
DA:56,0
DA:57,0
DA:58,0
DA:59,0
DA:60,0
DA:61,0
DA:62,0
DA:63,0
DA:64,0
DA:69,0
DA:70,0
DA:72,0
DA:73,0
DA:74,0
DA:75,0
DA:76,0
DA:77,0
DA:78,0
DA:79,0
DA:80,0
DA:81,0
DA:82,0
DA:83,0
DA:84,0
DA:85,0
DA:86,0
DA:87,0
DA:88,0
DA:89,0
DA:90,0
DA:91,0
DA:92,0
DA:93,0
DA:94,0
DA:96,0
DA:97,0
DA:99,0
DA:100,0
DA:101,0
DA:102,0
DA:103,0
DA:104,0
DA:105,0
DA:106,0
DA:111,0
DA:112,0
DA:114,0
DA:116,0
DA:117,0
DA:118,0
DA:119,0
DA:120,0
DA:125,0
DA:126,0
DA:127,0
DA:128,0
DA:129,0
DA:130,0
DA:131,0
DA:132,0
DA:133,0
DA:134,0
DA:135,0
DA:136,0
DA:137,0
DA:138,0
DA:140,0
DA:141,0
DA:143,0
DA:144,0
DA:145,0
DA:147,0
DA:148,0
DA:149,0
DA:150,0
DA:151,0
DA:152,0
DA:153,0
DA:154,0
DA:155,0
DA:157,0
DA:158,0
DA:159,0
DA:160,0
DA:161,0
DA:162,0
DA:163,0
DA:169,0
DA:170,0
DA:171,0
DA:172,0
DA:173,0
DA:174,0
DA:175,0
DA:176,0
DA:177,0
DA:178,0
DA:179,0
DA:180,0
DA:181,0
DA:182,0
DA:185,0
DA:187,0
DA:188,0
DA:190,0
DA:191,0
DA:192,0
DA:194,0
DA:195,0
DA:196,0
DA:197,0
DA:198,0
DA:199,0
DA:200,0
DA:201,0
DA:202,0
DA:203,0
DA:204,0
DA:205,0
DA:206,0
DA:208,0
DA:209,0
DA:210,0
DA:211,0
DA:212,0
DA:213,0
DA:214,0
DA:216,0
DA:218,0
DA:220,0
DA:222,0
DA:223,0
DA:225,0
DA:226,0
DA:228,0
DA:229,0
DA:231,0
DA:232,0
DA:234,0
DA:235,0
DA:236,0
DA:237,0
DA:239,0
DA:240,0
DA:241,0
DA:243,0
DA:244,0
DA:245,0
DA:246,0
LF:185
LH:0
BRDA:1,0,0,0
BRF:1
BRH:0
end_of_record
TN:
SF:examples/editInlineSQL/05-javascript-typescript.js
FN:1,(empty-report)
FNF:1
FNH:0
FNDA:0,(empty-report)
DA:1,0
DA:2,0
DA:3,0
DA:4,0
DA:5,0
DA:6,0
DA:7,0
DA:8,0
DA:9,0
DA:10,0
DA:11,0
DA:12,0
DA:14,0
DA:15,0
DA:16,0
DA:17,0
DA:18,0
DA:19,0
DA:20,0
DA:21,0
DA:22,0
DA:23,0
DA:24,0
DA:25,0
DA:26,0
DA:27,0
DA:28,0
DA:30,0
DA:31,0
DA:32,0
DA:33,0
DA:35,0
DA:36,0
DA:37,0
DA:38,0
DA:39,0
DA:40,0
DA:41,0
DA:42,0
DA:43,0
DA:44,0
DA:45,0
DA:46,0
DA:47,0
DA:48,0
DA:49,0
DA:50,0
DA:51,0
DA:53,0
DA:54,0
DA:55,0
DA:57,0
DA:58,0
DA:59,0
DA:60,0
DA:61,0
DA:62,0
DA:63,0
DA:64,0
DA:65,0
DA:66,0
DA:67,0
DA:68,0
DA:69,0
DA:70,0
DA:71,0
DA:72,0
DA:73,0
DA:74,0
DA:75,0
DA:76,0
DA:77,0
DA:79,0
DA:80,0
DA:81,0
DA:82,0
DA:84,0
DA:85,0
DA:86,0
DA:87,0
DA:89,0
DA:90,0
DA:91,0
DA:92,0
DA:93,0
DA:94,0
DA:95,0
DA:96,0
DA:97,0
DA:98,0
DA:99,0
DA:100,0
DA:101,0
DA:102,0
DA:103,0
DA:105,0
DA:106,0
DA:107,0
DA:108,0
DA:109,0
DA:111,0
DA:112,0
DA:113,0
DA:114,0
DA:115,0
DA:116,0
DA:117,0
DA:118,0
DA:120,0
DA:121,0
DA:122,0
DA:123,0
DA:124,0
DA:125,0
DA:126,0
DA:127,0
DA:128,0
DA:129,0
DA:130,0
DA:131,0
DA:132,0
DA:133,0
DA:134,0
DA:135,0
DA:136,0
DA:137,0
DA:138,0
DA:140,0
DA:141,0
DA:142,0
DA:143,0
DA:144,0
DA:146,0
DA:147,0
DA:148,0
DA:149,0
DA:150,0
DA:151,0
DA:152,0
DA:153,0
DA:155,0
DA:156,0
DA:157,0
DA:158,0
DA:159,0
DA:160,0
DA:161,0
DA:162,0
DA:163,0
DA:164,0
DA:165,0
DA:166,0
DA:167,0
LF:153
LH:0
BRDA:1,0,0,0
BRF:1
BRH:0
end_of_record
TN:
SF:examples/editInlineSQL/05-javascript-typescript.ts
FN:1,(empty-report)
FNF:1
FNH:0
FNDA:0,(empty-report)
DA:1,0
DA:2,0
DA:3,0
DA:4,0
DA:5,0
DA:6,0
DA:7,0
DA:8,0
DA:9,0
DA:10,0
DA:11,0
DA:12,0
DA:13,0
DA:14,0
DA:15,0
DA:16,0
DA:17,0
DA:18,0
DA:19,0
DA:20,0
DA:21,0
DA:22,0
DA:23,0
DA:24,0
DA:25,0
DA:26,0
DA:27,0
DA:28,0
DA:29,0
DA:30,0
DA:31,0
DA:32,0
DA:33,0
DA:34,0
DA:35,0
DA:36,0
DA:37,0
DA:38,0
DA:39,0
DA:40,0
DA:41,0
DA:42,0
DA:43,0
DA:44,0
DA:45,0
DA:46,0
DA:47,0
DA:48,0
DA:49,0
DA:50,0
DA:51,0
DA:52,0
DA:53,0
DA:54,0
DA:55,0
DA:56,0
DA:57,0
DA:58,0
DA:59,0
DA:60,0
DA:61,0
DA:62,0
DA:63,0
DA:64,0
DA:65,0
DA:66,0
DA:67,0
DA:68,0
DA:69,0
DA:70,0
DA:71,0
DA:72,0
DA:73,0
DA:74,0
DA:75,0
DA:76,0
DA:77,0
DA:78,0
DA:79,0
DA:80,0
DA:81,0
DA:82,0
DA:83,0
DA:84,0
DA:85,0
DA:86,0
DA:87,0
DA:88,0
DA:89,0
DA:90,0
DA:91,0
DA:92,0
DA:93,0
DA:94,0
DA:95,0
DA:96,0
DA:97,0
DA:98,0
DA:99,0
DA:100,0
DA:101,0
DA:102,0
DA:103,0
DA:104,0
DA:105,0
DA:106,0
DA:107,0
DA:108,0
DA:109,0
DA:110,0
DA:111,0
DA:112,0
DA:113,0
DA:114,0
DA:115,0
DA:116,0
DA:117,0
DA:118,0
DA:119,0
DA:120,0
DA:121,0
DA:122,0
DA:123,0
DA:124,0
DA:125,0
DA:126,0
DA:127,0
DA:128,0
DA:129,0
DA:130,0
DA:131,0
DA:132,0
DA:133,0
DA:134,0
DA:135,0
DA:136,0
DA:137,0
DA:138,0
DA:139,0
DA:140,0
DA:141,0
DA:142,0
DA:143,0
DA:144,0
DA:145,0
DA:146,0
DA:147,0
DA:148,0
DA:149,0
DA:150,0
DA:151,0
DA:152,0
DA:153,0
DA:154,0
DA:155,0
DA:156,0
DA:157,0
DA:158,0
DA:159,0
DA:160,0
DA:161,0
DA:162,0
DA:163,0
DA:164,0
DA:165,0
DA:166,0
DA:167,0
DA:168,0
DA:169,0
DA:170,0
DA:171,0
DA:172,0
DA:173,0
DA:174,0
DA:175,0
DA:176,0
DA:177,0
DA:178,0
DA:179,0
DA:180,0
DA:181,0
DA:182,0
LF:182
LH:0
BRDA:1,0,0,0
BRF:1
BRH:0
end_of_record
TN:
SF:resources/highlight.min.js
FN:1,(empty-report)
FNF:1
FNH:0
FNDA:0,(empty-report)
DA:1,0
DA:2,0
DA:3,0
DA:4,0
DA:5,0
DA:6,0
DA:7,0
DA:8,0
DA:9,0
DA:10,0
DA:11,0
DA:12,0
DA:13,0
DA:14,0
DA:15,0
DA:16,0
DA:17,0
DA:18,0
DA:19,0
DA:20,0
DA:21,0
DA:22,0
DA:23,0
DA:24,0
DA:25,0
DA:26,0
DA:27,0
DA:28,0
DA:29,0
DA:30,0
DA:31,0
DA:32,0
DA:33,0
DA:34,0
DA:35,0
DA:36,0
DA:37,0
DA:38,0
DA:39,0
DA:40,0
DA:41,0
DA:42,0
DA:43,0
DA:44,0
DA:45,0
DA:46,0
DA:47,0
DA:48,0
DA:49,0
DA:50,0
DA:51,0
DA:52,0
DA:53,0
DA:54,0
DA:55,0
DA:56,0
DA:57,0
DA:58,0
DA:59,0
DA:60,0
DA:61,0
DA:62,0
DA:63,0
DA:64,0
DA:65,0
DA:66,0
DA:67,0
DA:68,0
DA:69,0
DA:70,0
DA:71,0
DA:72,0
DA:73,0
DA:74,0
DA:75,0
DA:76,0
DA:77,0
DA:78,0
DA:79,0
DA:80,0
DA:81,0
DA:82,0
DA:83,0
DA:84,0
DA:85,0
DA:86,0
DA:87,0
DA:88,0
DA:89,0
DA:90,0
DA:91,0
DA:92,0
DA:93,0
DA:94,0
DA:95,0
DA:96,0
DA:97,0
DA:98,0
DA:99,0
DA:100,0
DA:101,0
DA:102,0
DA:103,0
DA:104,0
DA:105,0
DA:106,0
DA:107,0
DA:108,0
DA:109,0
DA:110,0
DA:111,0
DA:112,0
DA:113,0
DA:114,0
DA:115,0
DA:116,0
DA:117,0
DA:118,0
DA:119,0
DA:120,0
DA:121,0
DA:122,0
DA:123,0
DA:124,0
DA:125,0
DA:126,0
DA:127,0
DA:128,0
DA:129,0
DA:130,0
DA:131,0
DA:132,0
DA:133,0
DA:134,0
DA:135,0
DA:136,0
DA:137,0
DA:138,0
DA:139,0
DA:140,0
DA:141,0
DA:142,0
DA:143,0
DA:144,0
DA:145,0
DA:146,0
DA:147,0
DA:148,0
DA:149,0
DA:150,0
DA:151,0
DA:152,0
DA:153,0
DA:154,0
DA:155,0
DA:156,0
DA:157,0
DA:158,0
DA:159,0
DA:160,0
DA:161,0
DA:162,0
DA:163,0
DA:164,0
DA:165,0
DA:166,0
DA:167,0
DA:168,0
DA:169,0
DA:170,0
DA:171,0
DA:172,0
DA:173,0
DA:174,0
DA:175,0
DA:176,0
DA:177,0
DA:178,0
DA:179,0
DA:180,0
DA:181,0
DA:182,0
DA:183,0
DA:184,0
DA:185,0
DA:186,0
DA:187,0
DA:188,0
DA:189,0
DA:190,0
DA:191,0
DA:192,0
DA:193,0
DA:194,0
DA:195,0
DA:196,0
DA:197,0
DA:198,0
DA:199,0
DA:200,0
DA:201,0
DA:202,0
DA:203,0
DA:204,0
DA:205,0
DA:206,0
DA:207,0
DA:208,0
DA:209,0
DA:210,0
DA:211,0
DA:212,0
DA:213,0
DA:214,0
DA:215,0
DA:216,0
DA:217,0
DA:218,0
DA:219,0
DA:220,0
DA:221,0
DA:222,0
DA:223,0
DA:224,0
DA:225,0
DA:226,0
DA:227,0
DA:228,0
DA:229,0
DA:230,0
DA:231,0
DA:232,0
DA:233,0
DA:234,0
DA:235,0
DA:236,0
DA:237,0
DA:238,0
DA:239,0
DA:240,0
DA:241,0
DA:242,0
DA:243,0
DA:244,0
DA:245,0
DA:246,0
DA:247,0
DA:248,0
DA:249,0
DA:250,0
DA:251,0
DA:252,0
DA:253,0
DA:254,0
DA:255,0
DA:256,0
DA:257,0
DA:258,0
DA:259,0
DA:260,0
DA:261,0
DA:262,0
DA:263,0
DA:264,0
DA:265,0
DA:266,0
DA:267,0
DA:268,0
DA:269,0
DA:270,0
DA:271,0
DA:272,0
DA:273,0
DA:274,0
DA:275,0
DA:276,0
DA:277,0
DA:278,0
DA:279,0
DA:280,0
DA:281,0
DA:282,0
DA:283,0
DA:284,0
DA:285,0
DA:286,0
DA:287,0
DA:288,0
DA:289,0
DA:290,0
DA:291,0
DA:292,0
DA:293,0
DA:294,0
DA:295,0
DA:296,0
DA:297,0
DA:298,0
DA:299,0
DA:300,0
DA:301,0
DA:302,0
DA:303,0
DA:304,0
DA:305,0
DA:306,0
DA:307,0
DA:308,0
DA:309,0
DA:310,0
DA:311,0
DA:312,0
DA:313,0
DA:314,0
DA:315,0
DA:316,0
DA:317,0
DA:318,0
DA:319,0
DA:320,0
DA:321,0
DA:322,0
DA:323,0
DA:324,0
DA:325,0
DA:326,0
DA:327,0
DA:328,0
DA:329,0
DA:330,0
DA:331,0
DA:332,0
DA:333,0
DA:334,0
DA:335,0
DA:336,0
DA:337,0
DA:338,0
DA:339,0
DA:340,0
DA:341,0
DA:342,0
DA:343,0
DA:344,0
DA:345,0
DA:346,0
DA:347,0
DA:348,0
DA:349,0
DA:350,0
DA:351,0
DA:352,0
DA:353,0
DA:354,0
DA:355,0
DA:356,0
DA:357,0
DA:358,0
DA:359,0
DA:360,0
DA:361,0
DA:362,0
DA:363,0
DA:364,0
DA:365,0
DA:366,0
DA:367,0
DA:368,0
DA:369,0
DA:370,0
DA:371,0
DA:372,0
DA:373,0
DA:374,0
DA:375,0
DA:376,0
DA:377,0
DA:378,0
DA:379,0
DA:380,0
DA:381,0
DA:382,0
DA:383,0
DA:384,0
DA:385,0
DA:386,0
DA:387,0
DA:388,0
DA:389,0
DA:390,0
DA:391,0
DA:392,0
DA:393,0
DA:394,0
DA:395,0
DA:396,0
DA:397,0
DA:398,0
DA:399,0
DA:400,0
DA:401,0
DA:402,0
DA:403,0
DA:404,0
DA:405,0
DA:406,0
DA:407,0
DA:408,0
DA:409,0
DA:410,0
DA:411,0
DA:412,0
DA:413,0
DA:414,0
DA:415,0
DA:416,0
DA:417,0
DA:418,0
DA:419,0
DA:420,0
DA:421,0
DA:422,0
DA:423,0
DA:424,0
DA:425,0
DA:426,0
DA:427,0
DA:428,0
DA:429,0
DA:430,0
DA:431,0
DA:432,0
DA:433,0
DA:434,0
DA:435,0
DA:436,0
DA:437,0
DA:438,0
DA:439,0
DA:440,0
DA:441,0
DA:442,0
DA:443,0
DA:444,0
DA:445,0
DA:446,0
DA:447,0
DA:448,0
DA:449,0
DA:450,0
DA:451,0
DA:452,0
DA:453,0
DA:454,0
DA:455,0
DA:456,0
DA:457,0
DA:458,0
DA:459,0
DA:460,0
DA:461,0
DA:462,0
DA:463,0
DA:464,0
DA:465,0
DA:466,0
DA:467,0
DA:468,0
DA:469,0
DA:470,0
DA:471,0
DA:472,0
DA:473,0
DA:474,0
DA:475,0
DA:476,0
DA:477,0
DA:478,0
DA:479,0
DA:480,0
DA:481,0
DA:482,0
DA:483,0
DA:484,0
DA:485,0
DA:486,0
DA:487,0
DA:488,0
DA:489,0
DA:490,0
DA:491,0
DA:492,0
DA:493,0
DA:494,0
DA:495,0
DA:496,0
DA:497,0
DA:498,0
DA:499,0
DA:500,0
DA:501,0
DA:502,0
DA:503,0
DA:504,0
DA:505,0
DA:506,0
DA:507,0
DA:508,0
DA:509,0
DA:510,0
DA:511,0
DA:512,0
DA:513,0
DA:514,0
DA:515,0
DA:516,0
DA:517,0
DA:518,0
DA:519,0
DA:520,0
DA:521,0
DA:522,0
DA:523,0
DA:524,0
DA:525,0
DA:526,0
DA:527,0
DA:528,0
DA:529,0
DA:530,0
DA:531,0
DA:532,0
DA:533,0
DA:534,0
DA:535,0
DA:536,0
DA:537,0
DA:538,0
DA:539,0
DA:540,0
DA:541,0
DA:542,0
DA:543,0
DA:544,0
DA:545,0
DA:546,0
DA:547,0
DA:548,0
DA:549,0
DA:550,0
DA:551,0
DA:552,0
DA:553,0
DA:554,0
DA:555,0
DA:556,0
DA:557,0
DA:558,0
DA:559,0
DA:560,0
DA:561,0
DA:562,0
DA:563,0
DA:564,0
DA:565,0
DA:566,0
DA:567,0
DA:568,0
DA:569,0
DA:570,0
DA:571,0
DA:572,0
DA:573,0
DA:574,0
DA:575,0
DA:576,0
DA:577,0
DA:578,0
DA:579,0
DA:580,0
DA:581,0
DA:582,0
DA:583,0
DA:584,0
DA:585,0
DA:586,0
DA:587,0
DA:588,0
DA:589,0
DA:590,0
DA:591,0
DA:592,0
DA:593,0
DA:594,0
DA:595,0
DA:596,0
DA:597,0
DA:598,0
DA:599,0
DA:600,0
DA:601,0
DA:602,0
DA:603,0
DA:604,0
DA:605,0
DA:606,0
DA:607,0
DA:608,0
DA:609,0
DA:610,0
DA:611,0
DA:612,0
DA:613,0
DA:614,0
DA:615,0
DA:616,0
DA:617,0
DA:618,0
DA:619,0
DA:620,0
DA:621,0
DA:622,0
DA:623,0
DA:624,0
DA:625,0
DA:626,0
DA:627,0
DA:628,0
DA:629,0
DA:630,0
DA:631,0
DA:632,0
DA:633,0
DA:634,0
DA:635,0
DA:636,0
DA:637,0
DA:638,0
DA:639,0
DA:640,0
DA:641,0
DA:642,0
DA:643,0
DA:644,0
DA:645,0
DA:646,0
DA:647,0
DA:648,0
DA:649,0
DA:650,0
DA:651,0
DA:652,0
DA:653,0
DA:654,0
DA:655,0
DA:656,0
DA:657,0
DA:658,0
DA:659,0
DA:660,0
DA:661,0
DA:662,0
DA:663,0
DA:664,0
DA:665,0
DA:666,0
DA:667,0
DA:668,0
DA:669,0
DA:670,0
DA:671,0
DA:672,0
DA:673,0
DA:674,0
DA:675,0
DA:676,0
DA:677,0
DA:678,0
DA:679,0
DA:680,0
DA:681,0
DA:682,0
DA:683,0
DA:684,0
DA:685,0
DA:686,0
DA:687,0
DA:688,0
DA:689,0
DA:690,0
DA:691,0
DA:692,0
DA:693,0
DA:694,0
DA:695,0
DA:696,0
DA:697,0
DA:698,0
DA:699,0
DA:700,0
DA:701,0
DA:702,0
DA:703,0
DA:704,0
DA:705,0
DA:706,0
DA:707,0
DA:708,0
DA:709,0
DA:710,0
DA:711,0
DA:712,0
DA:713,0
DA:714,0
DA:715,0
DA:716,0
DA:717,0
DA:718,0
DA:719,0
DA:720,0
DA:721,0
DA:722,0
DA:723,0
DA:724,0
DA:725,0
DA:726,0
DA:727,0
DA:728,0
DA:729,0
DA:730,0
DA:731,0
DA:732,0
DA:733,0
DA:734,0
DA:735,0
DA:736,0
DA:737,0
DA:738,0
DA:739,0
DA:740,0
DA:741,0
DA:742,0
DA:743,0
DA:744,0
DA:745,0
DA:746,0
DA:747,0
DA:748,0
DA:749,0
DA:750,0
DA:751,0
DA:752,0
DA:753,0
DA:754,0
DA:755,0
DA:756,0
DA:757,0
DA:758,0
DA:759,0
DA:760,0
DA:761,0
DA:762,0
DA:763,0
DA:764,0
DA:765,0
DA:766,0
DA:767,0
DA:768,0
DA:769,0
DA:770,0
DA:771,0
DA:772,0
DA:773,0
DA:774,0
DA:775,0
DA:776,0
DA:777,0
DA:778,0
DA:779,0
DA:780,0
DA:781,0
DA:782,0
DA:783,0
DA:784,0
DA:785,0
DA:786,0
DA:787,0
DA:788,0
DA:789,0
DA:790,0
DA:791,0
DA:792,0
DA:793,0
DA:794,0
DA:795,0
DA:796,0
DA:797,0
DA:798,0
DA:799,0
DA:800,0
DA:801,0
DA:802,0
DA:803,0
DA:804,0
DA:805,0
DA:806,0
DA:807,0
DA:808,0
DA:809,0
DA:810,0
DA:811,0
DA:812,0
DA:813,0
DA:814,0
DA:815,0
DA:816,0
DA:817,0
DA:818,0
DA:819,0
DA:820,0
DA:821,0
DA:822,0
DA:823,0
DA:824,0
DA:825,0
DA:826,0
DA:827,0
DA:828,0
DA:829,0
DA:830,0
DA:831,0
DA:832,0
DA:833,0
DA:834,0
DA:835,0
DA:836,0
DA:837,0
DA:838,0
DA:839,0
DA:840,0
DA:841,0
DA:842,0
DA:843,0
DA:844,0
DA:845,0
DA:846,0
DA:847,0
DA:848,0
DA:849,0
DA:850,0
DA:851,0
DA:852,0
DA:853,0
DA:854,0
DA:855,0
DA:856,0
DA:857,0
DA:858,0
DA:859,0
DA:860,0
DA:861,0
DA:862,0
DA:863,0
DA:864,0
DA:865,0
DA:866,0
DA:867,0
DA:868,0
DA:869,0
DA:870,0
DA:871,0
DA:872,0
DA:873,0
DA:874,0
DA:875,0
DA:876,0
DA:877,0
DA:878,0
DA:879,0
DA:880,0
DA:881,0
DA:882,0
DA:883,0
DA:884,0
DA:885,0
DA:886,0
DA:887,0
DA:888,0
DA:889,0
DA:890,0
DA:891,0
DA:892,0
DA:893,0
DA:894,0
DA:895,0
DA:896,0
DA:897,0
DA:898,0
DA:899,0
DA:900,0
DA:901,0
DA:902,0
DA:903,0
DA:904,0
DA:905,0
DA:906,0
DA:907,0
DA:908,0
DA:909,0
DA:910,0
DA:911,0
DA:912,0
DA:913,0
DA:914,0
DA:915,0
DA:916,0
DA:917,0
DA:918,0
DA:919,0
DA:920,0
DA:921,0
DA:922,0
DA:923,0
DA:924,0
DA:925,0
DA:926,0
DA:927,0
DA:928,0
DA:929,0
DA:930,0
DA:931,0
DA:932,0
DA:933,0
DA:934,0
DA:935,0
DA:936,0
DA:937,0
DA:938,0
DA:939,0
DA:940,0
DA:941,0
DA:942,0
DA:943,0
DA:944,0
DA:945,0
DA:946,0
DA:947,0
DA:948,0
DA:949,0
DA:950,0
DA:951,0
DA:952,0
DA:953,0
DA:954,0
DA:955,0
DA:956,0
DA:957,0
DA:958,0
DA:959,0
DA:960,0
DA:961,0
DA:962,0
DA:963,0
DA:964,0
DA:965,0
DA:966,0
DA:967,0
DA:968,0
DA:969,0
DA:970,0
DA:971,0
DA:972,0
DA:973,0
DA:974,0
DA:975,0
DA:976,0
DA:977,0
DA:978,0
DA:979,0
DA:980,0
DA:981,0
DA:982,0
DA:983,0
DA:984,0
DA:985,0
DA:986,0
DA:987,0
DA:988,0
DA:989,0
DA:990,0
DA:991,0
DA:992,0
DA:993,0
DA:994,0
DA:995,0
DA:996,0
DA:997,0
DA:998,0
DA:999,0
DA:1000,0
DA:1001,0
DA:1002,0
DA:1003,0
DA:1004,0
DA:1005,0
DA:1006,0
DA:1007,0
DA:1008,0
DA:1009,0
DA:1010,0
DA:1011,0
DA:1012,0
DA:1013,0
DA:1014,0
DA:1015,0
DA:1016,0
DA:1017,0
DA:1018,0
DA:1019,0
DA:1020,0
DA:1021,0
DA:1022,0
DA:1023,0
DA:1024,0
DA:1025,0
DA:1026,0
DA:1027,0
DA:1028,0
DA:1029,0
DA:1030,0
DA:1031,0
DA:1032,0
DA:1033,0
DA:1034,0
DA:1035,0
DA:1036,0
DA:1037,0
DA:1038,0
DA:1039,0
DA:1040,0
DA:1041,0
DA:1042,0
DA:1043,0
DA:1044,0
DA:1045,0
DA:1046,0
DA:1047,0
DA:1048,0
DA:1049,0
DA:1050,0
DA:1051,0
DA:1052,0
DA:1053,0
DA:1054,0
DA:1055,0
DA:1056,0
DA:1057,0
DA:1058,0
DA:1059,0
DA:1060,0
DA:1061,0
DA:1062,0
DA:1063,0
DA:1064,0
DA:1065,0
DA:1066,0
DA:1067,0
DA:1068,0
DA:1069,0
DA:1070,0
DA:1071,0
DA:1072,0
DA:1073,0
DA:1074,0
DA:1075,0
DA:1076,0
DA:1077,0
DA:1078,0
DA:1079,0
DA:1080,0
DA:1081,0
DA:1082,0
DA:1083,0
DA:1084,0
DA:1085,0
DA:1086,0
DA:1087,0
DA:1088,0
DA:1089,0
DA:1090,0
DA:1091,0
DA:1092,0
DA:1093,0
DA:1094,0
DA:1095,0
DA:1096,0
DA:1097,0
DA:1098,0
DA:1099,0
DA:1100,0
DA:1101,0
DA:1102,0
DA:1103,0
DA:1104,0
DA:1105,0
DA:1106,0
DA:1107,0
DA:1108,0
DA:1109,0
DA:1110,0
DA:1111,0
DA:1112,0
DA:1113,0
DA:1114,0
DA:1115,0
DA:1116,0
DA:1117,0
DA:1118,0
DA:1119,0
DA:1120,0
DA:1121,0
DA:1122,0
DA:1123,0
DA:1124,0
DA:1125,0
DA:1126,0
DA:1127,0
DA:1128,0
DA:1129,0
DA:1130,0
DA:1131,0
DA:1132,0
DA:1133,0
DA:1134,0
DA:1135,0
DA:1136,0
DA:1137,0
DA:1138,0
DA:1139,0
DA:1140,0
DA:1141,0
DA:1142,0
DA:1143,0
DA:1144,0
DA:1145,0
DA:1146,0
DA:1147,0
DA:1148,0
DA:1149,0
DA:1150,0
DA:1151,0
DA:1152,0
DA:1153,0
DA:1154,0
DA:1155,0
DA:1156,0
DA:1157,0
DA:1158,0
DA:1159,0
DA:1160,0
DA:1161,0
DA:1162,0
DA:1163,0
DA:1164,0
DA:1165,0
DA:1166,0
DA:1167,0
DA:1168,0
DA:1169,0
DA:1170,0
DA:1171,0
DA:1172,0
DA:1173,0
DA:1174,0
DA:1175,0
DA:1176,0
DA:1177,0
DA:1178,0
DA:1179,0
DA:1180,0
DA:1181,0
DA:1182,0
DA:1183,0
DA:1184,0
DA:1185,0
DA:1186,0
DA:1187,0
DA:1188,0
DA:1189,0
DA:1190,0
DA:1191,0
DA:1192,0
DA:1193,0
DA:1194,0
DA:1195,0
DA:1196,0
DA:1197,0
DA:1198,0
DA:1199,0
DA:1200,0
DA:1201,0
DA:1202,0
DA:1203,0
DA:1204,0
DA:1205,0
DA:1206,0
DA:1207,0
DA:1208,0
DA:1209,0
DA:1210,0
DA:1211,0
DA:1212,0
DA:1213,0
DA:1214,0
DA:1215,0
DA:1216,0
DA:1217,0
DA:1218,0
DA:1219,0
DA:1220,0
DA:1221,0
DA:1222,0
DA:1223,0
DA:1224,0
DA:1225,0
DA:1226,0
DA:1227,0
DA:1228,0
DA:1229,0
DA:1230,0
DA:1231,0
DA:1232,0
DA:1233,0
DA:1234,0
DA:1235,0
DA:1236,0
DA:1237,0
DA:1238,0
DA:1239,0
DA:1240,0
DA:1241,0
DA:1242,0
DA:1243,0
DA:1244,0
LF:1244
LH:0
BRDA:1,0,0,0
BRF:1
BRH:0
end_of_record
TN:
SF:resources/nunjucks.min.js
FN:1,(empty-report)
FNF:1
FNH:0
FNDA:0,(empty-report)
DA:1,0
DA:2,0
DA:3,0
LF:3
LH:0
BRDA:1,0,0,0
BRF:1
BRH:0
end_of_record
TN:
SF:scripts/clean-comment.js
FN:1,(empty-report)
FNF:1
FNH:0
FNDA:0,(empty-report)
DA:1,0
DA:2,0
DA:3,0
DA:4,0
DA:5,0
DA:7,0
DA:8,0
DA:10,0
DA:11,0
DA:13,0
DA:14,0
DA:15,0
DA:16,0
DA:17,0
DA:18,0
DA:19,0
DA:20,0
DA:21,0
DA:22,0
DA:23,0
DA:24,0
DA:25,0
DA:26,0
DA:27,0
DA:29,0
DA:30,0
DA:31,0
DA:33,0
DA:34,0
DA:35,0
DA:37,0
DA:38,0
DA:39,0
DA:41,0
DA:42,0
DA:43,0
DA:44,0
DA:45,0
DA:46,0
DA:47,0
DA:48,0
DA:49,0
DA:51,0
DA:52,0
DA:53,0
DA:54,0
DA:55,0
DA:56,0
DA:57,0
DA:58,0
DA:59,0
DA:60,0
DA:61,0
DA:62,0
DA:63,0
DA:64,0
DA:65,0
DA:66,0
DA:67,0
DA:68,0
DA:70,0
DA:71,0
DA:72,0
DA:73,0
DA:74,0
DA:75,0
DA:76,0
DA:77,0
DA:78,0
DA:79,0
DA:80,0
DA:81,0
DA:82,0
DA:83,0
DA:84,0
DA:85,0
DA:87,0
DA:88,0
DA:89,0
DA:90,0
DA:91,0
DA:92,0
DA:93,0
DA:94,0
DA:95,0
DA:96,0
DA:98,0
DA:99,0
DA:100,0
DA:102,0
DA:104,0
DA:105,0
DA:106,0
DA:107,0
DA:108,0
DA:109,0
DA:110,0
DA:111,0
DA:112,0
DA:113,0
DA:114,0
DA:115,0
DA:116,0
DA:117,0
DA:118,0
DA:119,0
DA:120,0
DA:121,0
DA:122,0
DA:123,0
DA:124,0
DA:125,0
DA:126,0
DA:127,0
DA:128,0
DA:129,0
DA:131,0
DA:132,0
DA:133,0
DA:134,0
DA:135,0
DA:136,0
DA:137,0
DA:138,0
DA:139,0
DA:140,0
DA:141,0
DA:142,0
DA:143,0
DA:144,0
DA:145,0
DA:146,0
DA:147,0
DA:148,0
DA:149,0
DA:151,0
DA:152,0
LF:137
LH:0
BRDA:1,0,0,0
BRF:1
BRH:0
end_of_record
TN:
SF:src/extension.ts
FN:1,(empty-report)
FNF:1
FNH:1
FNDA:1,(empty-report)
DA:2,0
LF:1
LH:0
BRDA:1,0,0,1
BRF:1
BRH:1
end_of_record
TN:
SF:src/core/adapters.ts
FN:1,(empty-report)
FNF:1
FNH:1
FNDA:1,(empty-report)
DA:2,0
DA:8,0
DA:9,0
DA:10,0
DA:11,0
DA:12,0
DA:13,0
DA:14,0
DA:16,0
DA:18,0
DA:19,0
DA:20,0
DA:22,0
DA:23,0
DA:24,0
DA:26,0
DA:27,0
DA:28,0
DA:30,0
DA:31,0
DA:32,0
DA:33,0
DA:38,0
DA:39,0
DA:40,0
DA:41,0
DA:43,0
DA:45,0
DA:46,0
DA:47,0
DA:49,0
DA:50,0
DA:51,0
DA:53,0
DA:54,0
DA:55,0
DA:56,0
DA:57,0
DA:58,0
DA:59,0
DA:60,0
DA:61,0
LF:42
LH:0
BRDA:1,0,0,1
BRF:1
BRH:1
end_of_record
TN:
SF:src/core/di-container.ts
FN:1,(empty-report)
FNF:1
FNH:1
FNDA:1,(empty-report)
DA:5,0
DA:6,0
DA:7,0
DA:10,0
DA:15,0
DA:16,0
DA:17,0
DA:18,0
DA:19,0
DA:20,0
DA:25,0
DA:26,0
DA:27,0
DA:32,0
DA:33,0
DA:34,0
DA:35,0
DA:36,0
DA:37,0
DA:38,0
DA:43,0
DA:44,0
DA:45,0
DA:50,0
DA:51,0
DA:52,0
DA:57,0
DA:58,0
DA:59,0
DA:60,0
DA:61,0
DA:62,0
DA:63,0
DA:68,0
DA:69,0
DA:70,0
LF:36
LH:0
BRDA:1,0,0,1
BRF:1
BRH:1
end_of_record
TN:
SF:src/core/extension.ts
FN:1,(empty-report)
FNF:1
FNH:0
FNDA:0,(empty-report)
DA:1,0
DA:2,0
DA:3,0
DA:4,0
DA:5,0
DA:6,0
DA:7,0
DA:8,0
DA:9,0
DA:12,0
DA:17,0
DA:18,0
DA:20,0
DA:22,0
DA:23,0
DA:24,0
DA:25,0
DA:26,0
DA:27,0
DA:30,0
DA:33,0
DA:34,0
DA:37,0
DA:38,0
DA:39,0
DA:41,0
DA:42,0
DA:43,0
DA:45,0
DA:46,0
DA:47,0
DA:48,0
DA:49,0
DA:51,0
DA:52,0
DA:53,0
DA:54,0
DA:55,0
DA:60,0
DA:61,0
DA:63,0
DA:64,0
DA:65,0
DA:66,0
DA:67,0
DA:70,0
DA:71,0
DA:73,0
DA:74,0
DA:75,0
DA:76,0
DA:77,0
DA:78,0
DA:79,0
DA:80,0
DA:81,0
DA:86,0
DA:87,0
DA:88,0
LF:59
LH:0
BRDA:1,0,0,0
BRF:1
BRH:0
end_of_record
TN:
SF:src/core/logger.ts
FN:5,isValidLogLevel
FN:9,getConfiguredLogLevel
FN:31,shouldLog
FN:42,<static_initializer>
FN:45,refreshLevel
FN:49,error
FN:53,warn
FN:57,info
FN:62,debug
FNF:9
FNH:6
FNDA:4,isValidLogLevel
FNDA:4,getConfiguredLogLevel
FNDA:24,shouldLog
FNDA:4,<static_initializer>
FNDA:0,refreshLevel
FNDA:0,error
FNDA:6,warn
FNDA:0,info
FNDA:18,debug
DA:1,1
DA:5,4
DA:6,4
DA:7,4
DA:9,4
DA:10,4
DA:12,4
DA:13,0
DA:14,0
DA:16,4
DA:17,4
DA:19,4
DA:20,0
DA:21,0
DA:22,0
DA:24,4
DA:25,4
DA:26,0
DA:27,0
DA:28,0
DA:29,4
DA:31,24
DA:32,24
DA:33,24
DA:34,24
DA:35,24
DA:36,24
DA:37,24
DA:38,24
DA:39,24
DA:40,24
DA:42,1
DA:43,4
DA:45,4
DA:46,0
DA:47,0
DA:49,4
DA:50,0
DA:51,0
DA:53,4
DA:54,6
DA:55,6
DA:57,4
DA:59,0
DA:60,0
DA:62,4
DA:64,18
DA:65,18
DA:66,4
LF:49
LH:35
BRDA:5,0,0,4
BRDA:9,1,0,4
BRDA:12,2,0,0
BRDA:19,3,0,0
BRDA:25,4,0,0
BRDA:31,5,0,24
BRDA:39,6,0,0
BRDA:42,7,0,4
BRDA:53,8,0,6
BRDA:54,9,0,0
BRDA:62,10,0,18
BRDA:64,11,0,0
BRF:12
BRH:6
end_of_record
TN:
SF:src/core/provider-registry.ts
FN:1,(empty-report)
FNF:1
FNH:1
FNDA:1,(empty-report)
DA:39,0
DA:40,0
DA:41,0
DA:44,0
DA:46,0
DA:47,0
DA:48,0
DA:49,0
DA:50,0
DA:51,0
DA:53,0
DA:54,0
DA:55,0
DA:56,0
DA:57,0
DA:59,0
DA:60,0
DA:61,0
DA:63,0
DA:64,0
DA:65,0
DA:66,0
DA:68,0
DA:69,0
DA:70,0
DA:71,0
DA:72,0
DA:73,0
DA:74,0
DA:75,0
DA:76,0
DA:78,0
DA:79,0
DA:80,0
DA:81,0
DA:83,0
DA:84,0
DA:85,0
DA:86,0
DA:87,0
DA:88,0
DA:89,0
LF:42
LH:0
BRDA:1,0,0,1
BRF:1
BRH:1
end_of_record
TN:
SF:src/core/result.ts
FN:49,<instance_members_initializer>
FN:54,Ok
FN:58,map
FN:66,mapError
FN:70,flatMap
FN:78,getOrElse
FN:82,match
FN:86,toPromise
FN:94,<instance_members_initializer>
FN:140,ok
FN:147,err
FN:154,wrap
FN:165,wrapAsync
FN:180,fromPromise
FN:188,chain
FNF:15
FNH:3
FNDA:8,<instance_members_initializer>
FNDA:8,Ok
FNDA:0,map
FNDA:0,mapError
FNDA:0,flatMap
FNDA:0,getOrElse
FNDA:0,match
FNDA:0,toPromise
FNDA:0,<instance_members_initializer>
FNDA:8,ok
FNDA:0,err
FNDA:0,wrap
FNDA:0,wrapAsync
FNDA:0,fromPromise
FNDA:0,chain
DA:49,1
DA:50,8
DA:51,8
DA:52,8
DA:54,8
DA:55,8
DA:56,8
DA:58,8
DA:59,0
DA:60,0
DA:61,0
DA:62,0
DA:63,0
DA:64,0
DA:66,8
DA:67,0
DA:68,0
DA:70,8
DA:71,0
DA:72,0
DA:73,0
DA:74,0
DA:75,0
DA:76,0
DA:78,8
DA:79,0
DA:80,0
DA:82,8
DA:83,0
DA:84,0
DA:86,8
DA:87,0
DA:88,0
DA:89,8
DA:94,1
DA:95,0
DA:96,0
DA:97,0
DA:99,0
DA:100,0
DA:101,0
DA:102,0
DA:104,0
DA:105,0
DA:106,0
DA:108,0
DA:109,0
DA:110,0
DA:111,0
DA:112,0
DA:113,0
DA:114,0
DA:116,0
DA:117,0
DA:118,0
DA:120,0
DA:121,0
DA:122,0
DA:124,0
DA:125,0
DA:126,0
DA:128,0
DA:129,0
DA:130,0
DA:131,0
DA:136,1
DA:140,1
DA:141,8
DA:142,8
DA:147,1
DA:148,0
DA:149,0
DA:154,1
DA:155,0
DA:156,0
DA:157,0
DA:158,0
DA:159,0
DA:160,0
DA:165,1
DA:167,0
DA:168,0
DA:169,0
DA:170,0
DA:171,1
DA:176,1
DA:180,1
DA:182,0
DA:183,0
DA:188,1
DA:189,0
DA:190,0
DA:191,0
DA:193,0
DA:194,0
DA:195,0
DA:196,0
DA:197,0
DA:198,1
LF:99
LH:27
BRDA:49,0,0,8
BRDA:54,1,0,8
BRDA:94,2,0,0
BRDA:140,3,0,8
BRF:4
BRH:3
end_of_record
TN:
SF:src/features/inline-sql/command-handler.ts
FN:1,(empty-report)
FNF:1
FNH:0
FNDA:0,(empty-report)
DA:1,0
DA:2,0
DA:4,0
DA:5,0
DA:10,0
DA:11,0
DA:12,0
DA:14,0
DA:15,0
DA:16,0
DA:17,0
DA:19,0
DA:20,0
DA:21,0
DA:26,0
DA:27,0
DA:28,0
DA:31,0
DA:32,0
DA:33,0
DA:34,0
DA:35,0
DA:37,0
DA:38,0
DA:39,0
DA:40,0
DA:43,0
DA:44,0
DA:45,0
DA:46,0
DA:47,0
DA:49,0
DA:50,0
DA:51,0
DA:52,0
DA:53,0
DA:56,0
DA:57,0
DA:58,0
DA:59,0
DA:60,0
DA:61,0
DA:62,0
DA:63,0
DA:64,0
DA:65,0
DA:66,0
DA:69,0
DA:70,0
DA:71,0
DA:72,0
DA:73,0
DA:75,0
DA:76,0
DA:77,0
DA:79,0
DA:80,0
DA:81,0
DA:82,0
DA:85,0
DA:86,0
DA:88,0
DA:89,0
DA:90,0
DA:91,0
DA:92,0
DA:93,0
DA:94,0
DA:95,0
LF:69
LH:0
BRDA:1,0,0,0
BRF:1
BRH:0
end_of_record
TN:
SF:src/features/inline-sql/indent-sync.ts
FN:25,<instance_members_initializer>
FN:31,createTracker
FN:48,createFingerprints
FN:81,syncIndent
FN:134,findMatchingFingerprint
FN:160,inferIndentFromContext
FN:200,getOriginalContentFromFingerprint
FN:211,normalizeContent
FN:222,hashContent
FN:236,cleanupTracker
FN:243,getStats
FN:258,dispose
FNF:12
FNH:2
FNDA:5,<instance_members_initializer>
FNDA:0,createTracker
FNDA:0,createFingerprints
FNDA:0,syncIndent
FNDA:0,findMatchingFingerprint
FNDA:0,inferIndentFromContext
FNDA:0,getOriginalContentFromFingerprint
FNDA:0,normalizeContent
FNDA:0,hashContent
FNDA:5,cleanupTracker
FNDA:0,getStats
FNDA:0,dispose
DA:1,1
DA:25,1
DA:26,5
DA:31,5
DA:32,0
DA:34,0
DA:35,0
DA:36,0
DA:37,0
DA:38,0
DA:40,0
DA:41,0
DA:42,0
DA:43,0
DA:48,5
DA:49,0
DA:50,0
DA:52,0
DA:54,0
DA:55,0
DA:56,0
DA:57,0
DA:59,0
DA:60,0
DA:61,0
DA:62,0
DA:63,0
DA:64,0
DA:66,0
DA:67,0
DA:68,0
DA:69,0
DA:70,0
DA:71,0
DA:72,0
DA:73,0
DA:75,0
DA:76,0
DA:81,5
DA:82,0
DA:83,0
DA:84,0
DA:85,0
DA:86,0
DA:88,0
DA:89,0
DA:91,0
DA:93,0
DA:94,0
DA:95,0
DA:97,0
DA:99,0
DA:100,0
DA:101,0
DA:104,0
DA:106,0
DA:108,0
DA:109,0
DA:110,0
DA:111,0
DA:112,0
DA:113,0
DA:114,0
DA:116,0
DA:117,0
DA:118,0
DA:119,0
DA:120,0
DA:121,0
DA:122,0
DA:123,0
DA:124,0
DA:126,0
DA:127,0
DA:128,0
DA:129,0
DA:134,5
DA:135,0
DA:136,0
DA:137,0
DA:138,0
DA:141,0
DA:143,0
DA:144,0
DA:145,0
DA:148,0
DA:149,0
DA:150,0
DA:151,0
DA:152,0
DA:154,0
DA:155,0
DA:160,5
DA:161,0
DA:162,0
DA:163,0
DA:164,0
DA:166,0
DA:167,0
DA:168,0
DA:170,0
DA:172,0
DA:173,0
DA:174,0
DA:175,0
DA:178,0
DA:179,0
DA:180,0
DA:181,0
DA:183,0
DA:184,0
DA:185,0
DA:188,0
DA:189,0
DA:190,0
DA:191,0
DA:192,0
DA:194,0
DA:195,0
DA:200,5
DA:201,0
DA:202,0
DA:203,0
DA:204,0
DA:205,0
DA:206,0
DA:211,5
DA:212,0
DA:213,0
DA:214,0
DA:215,0
DA:216,0
DA:217,0
DA:222,5
DA:224,0
DA:225,0
DA:226,0
DA:227,0
DA:228,0
DA:229,0
DA:230,0
DA:231,0
DA:236,5
DA:237,5
DA:238,5
DA:243,5
DA:244,0
DA:245,0
DA:246,0
DA:247,0
DA:249,0
DA:250,0
DA:251,0
DA:252,0
DA:253,0
DA:258,5
DA:259,0
DA:260,0
DA:261,5
LF:159
LH:17
BRDA:25,0,0,5
BRDA:236,1,0,5
BRF:2
BRH:2
end_of_record
TN:
SF:src/features/inline-sql/index.ts
FN:1,(empty-report)
FNF:1
FNH:0
FNDA:0,(empty-report)
DA:1,0
DA:3,0
DA:4,0
DA:9,0
DA:10,0
DA:11,0
DA:12,0
DA:13,0
DA:15,0
DA:17,0
DA:18,0
DA:19,0
DA:20,0
DA:22,0
DA:23,0
DA:25,0
DA:26,0
LF:17
LH:0
BRDA:1,0,0,0
BRF:1
BRH:0
end_of_record
TN:
SF:src/features/inline-sql/language-handler.ts
FN:42,<static_initializer>
FN:52,condition
FN:57,condition
FN:69,condition
FN:74,condition
FN:86,condition
FN:91,condition
FN:103,condition
FN:108,condition
FN:121,condition
FN:126,condition
FN:131,condition
FN:136,condition
FN:145,detectLanguage
FN:169,detectQuoteType
FN:199,selectQuoteType
FN:220,selectPythonQuote
FN:258,selectJavaScriptQuote
FN:271,selectMarkdownQuote
FN:280,selectGenericQuote
FN:288,extractPrefix
FN:299,stripQuotes
FN:354,wrapWithQuoteType
FN:375,wrapLikeIntelligent
FN:391,reconstructOriginalQuoteStructure
FN:414,reconstructMarkdownContent
FN:422,looksLikeSQL
FNF:27
FNH:10
FNDA:2,<static_initializer>
FNDA:0,condition
FNDA:0,condition
FNDA:0,condition
FNDA:0,condition
FNDA:0,condition
FNDA:0,condition
FNDA:0,condition
FNDA:0,condition
FNDA:0,condition
FNDA:0,condition
FNDA:0,condition
FNDA:0,condition
FNDA:10,detectLanguage
FNDA:13,detectQuoteType
FNDA:2,selectQuoteType
FNDA:2,selectPythonQuote
FNDA:0,selectJavaScriptQuote
FNDA:0,selectMarkdownQuote
FNDA:0,selectGenericQuote
FNDA:24,extractPrefix
FNDA:18,stripQuotes
FNDA:2,wrapWithQuoteType
FNDA:2,wrapLikeIntelligent
FNDA:0,reconstructOriginalQuoteStructure
FNDA:0,reconstructMarkdownContent
FNDA:9,looksLikeSQL
DA:42,1
DA:43,2
DA:44,2
DA:45,2
DA:46,2
DA:47,2
DA:48,2
DA:49,2
DA:50,2
DA:51,2
DA:52,2
DA:53,2
DA:54,2
DA:55,2
DA:56,2
DA:57,2
DA:58,2
DA:59,2
DA:60,2
DA:61,2
DA:62,2
DA:63,2
DA:64,2
DA:65,2
DA:66,2
DA:67,2
DA:68,2
DA:69,2
DA:70,2
DA:71,2
DA:72,2
DA:73,2
DA:74,2
DA:75,2
DA:76,2
DA:77,2
DA:78,2
DA:79,2
DA:80,2
DA:81,2
DA:82,2
DA:83,2
DA:84,2
DA:85,2
DA:86,2
DA:87,2
DA:88,2
DA:89,2
DA:90,2
DA:91,2
DA:92,2
DA:93,2
DA:94,2
DA:95,2
DA:96,2
DA:97,2
DA:98,2
DA:99,2
DA:100,2
DA:101,2
DA:102,2
DA:103,2
DA:104,2
DA:105,2
DA:106,2
DA:107,2
DA:108,2
DA:109,2
DA:110,2
DA:111,2
DA:112,2
DA:113,2
DA:114,2
DA:115,2
DA:116,2
DA:118,2
DA:119,2
DA:120,2
DA:121,2
DA:122,2
DA:123,2
DA:124,2
DA:125,2
DA:126,2
DA:127,2
DA:128,2
DA:129,2
DA:130,2
DA:131,2
DA:132,2
DA:133,2
DA:134,2
DA:135,2
DA:136,2
DA:137,2
DA:138,2
DA:139,2
DA:140,2
DA:145,2
DA:146,10
DA:147,10
DA:150,10
DA:151,17
DA:152,9
DA:153,9
DA:154,17
DA:157,4
DA:158,5
DA:159,0
DA:160,0
DA:161,5
DA:163,1
DA:164,10
DA:169,2
DA:170,13
DA:172,13
DA:173,1
DA:174,1
DA:175,13
DA:176,1
DA:177,1
DA:178,13
DA:179,1
DA:180,1
DA:181,13
DA:182,9
DA:183,9
DA:184,13
DA:185,1
DA:186,1
DA:189,13
DA:190,0
DA:191,0
DA:193,0
DA:194,13
DA:199,2
DA:200,2
DA:201,2
DA:202,2
DA:203,2
DA:204,2
DA:205,2
DA:206,2
DA:207,2
DA:208,2
DA:209,0
DA:210,2
DA:211,0
DA:212,2
DA:213,0
DA:214,2
DA:215,2
DA:220,2
DA:222,2
DA:223,0
DA:224,0
DA:227,2
DA:229,0
DA:230,0
DA:232,0
DA:233,0
DA:234,0
DA:235,0
DA:236,0
DA:238,0
DA:239,0
DA:242,0
DA:243,0
DA:244,0
DA:246,0
DA:247,0
DA:248,0
DA:251,2
DA:252,2
DA:258,2
DA:259,0
DA:260,0
DA:261,0
DA:262,0
DA:263,0
DA:264,0
DA:265,0
DA:266,0
DA:271,2
DA:274,0
DA:275,0
DA:280,2
DA:282,0
DA:283,0
DA:288,2
DA:289,24
DA:290,24
DA:291,23
DA:292,23
DA:293,1
DA:294,24
DA:299,2
DA:300,18
DA:301,18
DA:304,18
DA:305,1
DA:306,1
DA:307,1
DA:308,0
DA:309,0
DA:310,1
DA:311,0
DA:312,0
DA:313,1
DA:316,18
DA:317,1
DA:318,1
DA:319,18
DA:320,0
DA:321,0
DA:324,18
DA:325,1
DA:326,1
DA:327,1
DA:328,1
DA:329,1
DA:330,1
DA:331,0
DA:332,0
DA:333,1
DA:336,18
DA:337,13
DA:338,13
DA:339,18
DA:340,1
DA:341,1
DA:344,18
DA:345,1
DA:346,1
DA:348,1
DA:349,18
DA:354,2
DA:355,2
DA:356,2
DA:357,0
DA:358,2
DA:359,2
DA:360,2
DA:361,0
DA:362,2
DA:363,0
DA:364,2
DA:365,2
DA:366,0
DA:367,2
DA:368,0
DA:369,2
DA:370,2
DA:375,2
DA:377,2
DA:378,0
DA:379,0
DA:381,2
DA:382,2
DA:383,2
DA:385,2
DA:386,2
DA:391,2
DA:392,0
DA:395,0
DA:396,0
DA:397,0
DA:398,0
DA:399,0
DA:400,0
DA:401,0
DA:402,0
DA:403,0
DA:404,0
DA:405,0
DA:407,0
DA:408,0
DA:409,0
DA:414,2
DA:416,0
DA:417,0
DA:422,2
DA:423,9
DA:424,9
DA:425,9
DA:426,9
DA:427,9
DA:428,9
DA:429,9
DA:430,9
DA:431,9
DA:432,9
DA:433,9
DA:434,9
DA:435,9
DA:436,9
DA:437,9
DA:438,9
DA:439,9
DA:440,9
DA:441,9
DA:443,9
DA:446,9
DA:447,9
DA:448,2
LF:305
LH:236
BRDA:42,0,0,2
BRDA:145,1,0,10
BRDA:150,2,0,17
BRDA:151,3,0,9
BRDA:154,4,0,4
BRDA:154,5,0,1
BRDA:157,6,0,5
BRDA:158,7,0,0
BRDA:161,8,0,1
BRDA:158,9,0,6
BRDA:169,10,0,13
BRDA:172,11,0,1
BRDA:172,12,0,1
BRDA:174,13,0,12
BRDA:175,14,0,1
BRDA:175,15,0,1
BRDA:177,16,0,11
BRDA:178,17,0,1
BRDA:178,18,0,1
BRDA:180,19,0,10
BRDA:181,20,0,9
BRDA:181,21,0,9
BRDA:183,22,0,1
BRDA:184,23,0,5
BRDA:184,24,0,1
BRDA:186,25,0,0
BRDA:189,26,0,0
BRDA:189,27,0,0
BRDA:199,28,0,2
BRDA:207,29,0,0
BRDA:208,30,0,0
BRDA:210,31,0,0
BRDA:212,32,0,0
BRDA:220,33,0,2
BRDA:222,34,0,0
BRDA:227,35,0,0
BRDA:288,36,0,24
BRDA:290,37,0,23
BRDA:292,38,0,1
BRDA:299,39,0,18
BRDA:304,40,0,1
BRDA:307,41,0,0
BRDA:307,42,0,0
BRDA:310,43,0,0
BRDA:310,44,0,0
BRDA:316,45,0,1
BRDA:316,46,0,1
BRDA:318,47,0,17
BRDA:319,48,0,0
BRDA:319,49,0,0
BRDA:321,50,0,17
BRDA:324,51,0,1
BRDA:329,52,0,0
BRDA:330,53,0,0
BRDA:333,54,0,16
BRDA:336,55,0,13
BRDA:336,56,0,13
BRDA:338,57,0,6
BRDA:338,58,0,3
BRDA:339,59,0,1
BRDA:339,60,0,6
BRDA:339,61,0,1
BRDA:341,62,0,2
BRDA:344,63,0,1
BRDA:344,64,0,1
BRDA:354,65,0,2
BRDA:356,66,0,0
BRDA:360,67,0,0
BRDA:362,68,0,0
BRDA:364,69,0,0
BRDA:365,70,0,0
BRDA:367,71,0,0
BRDA:375,72,0,2
BRDA:377,73,0,0
BRDA:422,74,0,9
BRDA:446,75,0,63
BRF:76
BRH:51
end_of_record
TN:
SF:src/features/inline-sql/temp-file-manager.ts
FN:29,<instance_members_initializer>
FN:34,TempFileManager
FN:42,createTempSQLFile
FN:93,ensureTempDirectory
FN:135,createTempFile
FN:153,generateTempFileContent
FN:160,registerSaveListener
FN:173,registerCloseListener
FN:186,handleTempFileChange
FN:218,syncTempFileChanges
FN:268,syncIndentation
FN:279,wrapContent
FN:299,validateAndUpdateSelection
FN:331,findContentIndex
FN:369,convertPlaceholdersToTemp
FN:398,convertPlaceholdersFromTemp
FN:406,cleanupTempFile
FN:424,deleteTempFile
FN:448,getActiveTempFilesCount
FN:455,cleanupAll
FN:473,dispose
FNF:21
FNH:20
FNDA:5,<instance_members_initializer>
FNDA:5,TempFileManager
FNDA:6,createTempSQLFile
FNDA:6,ensureTempDirectory
FNDA:6,createTempFile
FNDA:6,generateTempFileContent
FNDA:6,registerSaveListener
FNDA:6,registerCloseListener
FNDA:2,handleTempFileChange
FNDA:2,syncTempFileChanges
FNDA:2,syncIndentation
FNDA:2,wrapContent
FNDA:2,validateAndUpdateSelection
FNDA:0,findContentIndex
FNDA:6,convertPlaceholdersToTemp
FNDA:2,convertPlaceholdersFromTemp
FNDA:3,cleanupTempFile
FNDA:3,deleteTempFile
FNDA:10,getActiveTempFilesCount
FNDA:1,cleanupAll
FNDA:1,dispose
DA:1,1
DA:2,1
DA:3,1
DA:4,1
DA:6,1
DA:8,1
DA:29,1
DA:30,5
DA:31,5
DA:32,5
DA:34,5
DA:35,5
DA:36,5
DA:37,5
DA:42,5
DA:43,6
DA:44,6
DA:45,6
DA:46,6
DA:47,6
DA:48,6
DA:49,6
DA:50,6
DA:53,6
DA:56,6
DA:57,6
DA:60,6
DA:61,6
DA:62,6
DA:63,6
DA:64,6
DA:65,6
DA:66,6
DA:67,6
DA:68,6
DA:69,6
DA:70,6
DA:72,6
DA:75,6
DA:76,6
DA:77,0
DA:78,0
DA:81,6
DA:82,6
DA:84,6
DA:85,6
DA:86,0
DA:87,0
DA:88,6
DA:93,5
DA:94,6
DA:95,6
DA:98,6
DA:99,0
DA:100,0
DA:101,0
DA:104,6
DA:105,0
DA:106,0
DA:107,0
DA:110,6
DA:111,0
DA:112,0
DA:113,0
DA:114,0
DA:115,0
DA:116,0
DA:118,6
DA:119,6
DA:121,6
DA:122,0
DA:123,0
DA:124,0
DA:125,6
DA:126,6
DA:127,6
DA:129,6
DA:130,6
DA:135,5
DA:136,6
DA:137,6
DA:138,6
DA:139,6
DA:140,6
DA:141,6
DA:142,6
DA:144,6
DA:145,6
DA:147,6
DA:148,6
DA:153,5
DA:154,6
DA:155,6
DA:160,5
DA:161,6
DA:162,3
DA:163,2
DA:164,2
DA:165,6
DA:167,6
DA:168,6
DA:173,5
DA:174,6
DA:175,4
DA:176,1
DA:177,1
DA:178,6
DA:180,6
DA:181,6
DA:186,5
DA:187,2
DA:188,0
DA:189,0
DA:190,0
DA:192,2
DA:194,2
DA:195,2
DA:196,2
DA:197,0
DA:198,0
DA:199,2
DA:200,2
DA:201,2
DA:202,2
DA:203,2
DA:204,2
DA:205,2
DA:206,2
DA:207,2
DA:208,0
DA:209,0
DA:210,2
DA:211,2
DA:212,2
DA:213,2
DA:218,5
DA:219,2
DA:221,2
DA:222,0
DA:223,0
DA:224,0
DA:226,2
DA:227,2
DA:230,2
DA:233,2
DA:236,2
DA:239,2
DA:240,2
DA:241,0
DA:242,0
DA:243,0
DA:246,2
DA:247,0
DA:248,0
DA:249,0
DA:252,2
DA:253,0
DA:254,2
DA:257,2
DA:259,2
DA:260,2
DA:261,0
DA:262,0
DA:263,2
DA:268,5
DA:270,2
DA:271,0
DA:272,0
DA:273,2
DA:274,2
DA:279,5
DA:281,2
DA:282,0
DA:283,0
DA:284,0
DA:285,0
DA:286,0
DA:289,2
DA:290,2
DA:291,2
DA:292,2
DA:293,2
DA:294,2
DA:299,5
DA:300,2
DA:301,2
DA:302,2
DA:303,2
DA:306,2
DA:307,2
DA:310,2
DA:311,0
DA:312,0
DA:313,0
DA:315,0
DA:317,0
DA:318,0
DA:319,0
DA:320,0
DA:321,0
DA:322,0
DA:323,0
DA:325,2
DA:326,2
DA:331,5
DA:333,0
DA:334,0
DA:335,0
DA:337,0
DA:338,0
DA:339,0
DA:340,0
DA:342,0
DA:343,0
DA:346,0
DA:347,0
DA:348,0
DA:349,0
DA:350,0
DA:351,0
DA:354,0
DA:355,0
DA:356,0
DA:358,0
DA:359,0
DA:360,0
DA:361,0
DA:363,0
DA:364,0
DA:369,5
DA:372,6
DA:373,6
DA:374,6
DA:375,6
DA:377,6
DA:378,0
DA:379,0
DA:381,0
DA:382,0
DA:383,0
DA:385,0
DA:386,0
DA:387,0
DA:388,0
DA:389,0
DA:390,0
DA:392,6
DA:393,6
DA:398,5
DA:399,2
DA:400,2
DA:401,2
DA:406,5
DA:407,3
DA:408,3
DA:410,3
DA:411,3
DA:414,3
DA:417,3
DA:418,3
DA:419,3
DA:424,5
DA:425,3
DA:426,3
DA:427,3
DA:428,3
DA:429,3
DA:430,3
DA:433,3
DA:434,1
DA:435,0
DA:436,1
DA:437,3
DA:438,0
DA:439,0
DA:440,0
DA:441,0
DA:442,0
DA:443,3
DA:448,5
DA:449,10
DA:450,10
DA:455,5
DA:456,1
DA:457,2
DA:458,2
DA:459,2
DA:460,2
DA:461,0
DA:462,0
DA:464,2
DA:465,1
DA:467,1
DA:468,1
DA:473,5
DA:474,1
DA:475,1
DA:476,5
LF:298
LH:199
BRDA:29,0,0,5
BRDA:34,1,0,5
BRDA:42,2,0,6
BRDA:76,3,0,0
BRDA:85,4,0,0
BRDA:93,5,0,6
BRDA:98,6,0,0
BRDA:98,7,0,0
BRDA:104,8,0,0
BRDA:110,9,0,0
BRDA:121,10,0,0
BRDA:135,11,0,6
BRDA:153,12,0,6
BRDA:160,13,0,6
BRDA:161,14,0,3
BRDA:162,15,0,2
BRDA:173,16,0,6
BRDA:174,17,0,4
BRDA:175,18,0,1
BRDA:186,19,0,2
BRDA:187,20,0,0
BRDA:196,21,0,0
BRDA:207,22,0,0
BRDA:218,23,0,2
BRDA:221,24,0,0
BRDA:240,25,0,0
BRDA:246,26,0,0
BRDA:260,27,0,0
BRDA:268,28,0,2
BRDA:270,29,0,0
BRDA:279,30,0,2
BRDA:281,31,0,0
BRDA:299,32,0,2
BRDA:310,33,0,0
BRDA:369,34,0,6
BRDA:377,35,0,0
BRDA:398,36,0,2
BRDA:406,37,0,3
BRDA:410,38,0,6
BRDA:424,39,0,3
BRDA:433,40,0,1
BRDA:433,41,0,1
BRDA:437,42,0,2
BRDA:437,43,0,0
BRDA:448,44,0,10
BRDA:455,45,0,1
BRDA:456,46,0,2
BRDA:460,47,0,0
BRDA:457,48,0,4
BRDA:473,49,0,1
BRF:50
BRH:30
end_of_record
TN:
SF:src/features/orm-integration/django-provider.ts
FN:12,<instance_members_initializer>
FN:18,discoverModels
FN:23,parseModel
FN:42,extractClassBody
FN:57,extractTableName
FN:63,extractColumns
FN:77,extractRelations
FNF:7
FNH:6
FNDA:1,<instance_members_initializer>
FNDA:0,discoverModels
FNDA:2,parseModel
FNDA:2,extractClassBody
FNDA:2,extractTableName
FNDA:2,extractColumns
FNDA:2,extractRelations
DA:3,1
DA:4,1
DA:5,1
DA:6,1
DA:7,1
DA:8,1
DA:9,1
DA:10,1
DA:12,1
DA:13,1
DA:14,1
DA:15,1
DA:16,1
DA:18,1
DA:19,0
DA:20,0
DA:21,0
DA:23,1
DA:24,2
DA:25,2
DA:26,2
DA:28,2
DA:29,2
DA:30,2
DA:31,2
DA:33,2
DA:34,2
DA:35,2
DA:37,2
DA:38,2
DA:39,2
DA:40,2
DA:42,1
DA:43,2
DA:44,2
DA:45,2
DA:47,2
DA:48,11
DA:49,7
DA:50,11
DA:51,11
DA:52,7
DA:53,7
DA:54,2
DA:55,2
DA:57,1
DA:58,2
DA:59,2
DA:60,2
DA:61,2
DA:63,1
DA:64,2
DA:65,2
DA:66,2
DA:68,2
DA:69,7
DA:70,7
DA:71,7
DA:72,7
DA:73,7
DA:74,2
DA:75,2
DA:77,1
DA:78,2
DA:79,2
DA:80,2
DA:81,2
DA:83,2
DA:84,1
DA:85,1
DA:86,2
DA:87,1
DA:88,1
DA:89,2
DA:90,2
DA:91,1
LF:76
LH:73
BRDA:12,0,0,1
BRDA:23,1,0,2
BRDA:42,2,0,2
BRDA:47,3,0,11
BRDA:48,4,0,4
BRDA:48,5,0,7
BRDA:50,6,0,2
BRDA:50,7,0,7
BRDA:51,8,0,0
BRDA:51,9,0,0
BRDA:51,10,0,7
BRDA:57,11,0,2
BRDA:59,12,0,0
BRDA:63,13,0,2
BRDA:68,14,0,7
BRDA:70,15,0,2
BRDA:70,16,0,5
BRDA:71,17,0,0
BRDA:77,18,0,2
BRDA:83,19,0,1
BRDA:86,20,0,1
BRF:21
BRH:17
end_of_record
TN:
SF:src/features/orm-integration/index.ts
FN:1,(empty-report)
FNF:1
FNH:0
FNDA:0,(empty-report)
DA:1,0
DA:2,0
DA:3,0
DA:5,0
DA:6,0
DA:7,0
DA:8,0
DA:9,0
DA:12,0
DA:13,0
LF:10
LH:0
BRDA:1,0,0,0
BRF:1
BRH:0
end_of_record
TN:
SF:src/features/orm-integration/sqlalchemy-provider.ts
FN:13,<instance_members_initializer>
FN:19,discoverModels
FN:25,parseModel
FN:45,extractClassBody
FN:60,extractTableName
FN:66,extractColumns
FN:83,extractRelations
FNF:7
FNH:6
FNDA:1,<instance_members_initializer>
FNDA:0,discoverModels
FNDA:3,parseModel
FNDA:3,extractClassBody
FNDA:3,extractTableName
FNDA:3,extractColumns
FNDA:3,extractRelations
DA:3,1
DA:4,1
DA:5,1
DA:6,1
DA:7,1
DA:8,1
DA:9,1
DA:10,1
DA:11,1
DA:13,1
DA:14,1
DA:15,1
DA:16,1
DA:17,1
DA:19,1
DA:21,0
DA:22,0
DA:23,0
DA:25,1
DA:26,3
DA:27,3
DA:28,3
DA:30,3
DA:31,3
DA:32,3
DA:33,3
DA:35,3
DA:36,3
DA:37,3
DA:39,3
DA:40,3
DA:42,3
DA:43,3
DA:45,1
DA:46,3
DA:47,3
DA:48,3
DA:50,3
DA:51,15
DA:52,9
DA:53,15
DA:54,15
DA:55,9
DA:56,9
DA:57,3
DA:58,3
DA:60,1
DA:61,3
DA:62,3
DA:63,1
DA:64,3
DA:66,1
DA:67,3
DA:68,3
DA:69,3
DA:71,3
DA:72,6
DA:73,6
DA:74,6
DA:75,6
DA:76,6
DA:77,6
DA:78,6
DA:79,6
DA:80,3
DA:81,3
DA:83,1
DA:84,3
DA:85,3
DA:86,3
DA:88,3
DA:89,1
DA:90,1
DA:92,3
DA:93,3
DA:94,1
DA:95,1
DA:97,3
DA:98,3
DA:99,1
LF:80
LH:77
BRDA:13,0,0,1
BRDA:25,1,0,3
BRDA:45,2,0,3
BRDA:50,3,0,15
BRDA:51,4,0,6
BRDA:51,5,0,9
BRDA:53,6,0,3
BRDA:53,7,0,9
BRDA:54,8,0,0
BRDA:54,9,0,0
BRDA:54,10,0,9
BRDA:60,11,0,3
BRDA:62,12,0,2
BRDA:62,13,0,1
BRDA:66,14,0,3
BRDA:71,15,0,6
BRDA:75,16,0,0
BRDA:83,17,0,3
BRDA:88,18,0,1
BRDA:93,19,0,1
BRF:20
BRH:17
end_of_record
TN:
SF:src/features/orm-integration/types.ts
FN:1,(empty-report)
FNF:1
FNH:1
FNDA:1,(empty-report)
LF:0
LH:0
BRDA:1,0,0,1
BRF:1
BRH:1
end_of_record
TN:
SF:src/features/sql-intelligence/diagnostics-provider.ts
FN:1,(empty-report)
FNF:1
FNH:0
FNDA:0,(empty-report)
DA:1,0
DA:2,0
DA:4,0
DA:5,0
DA:6,0
DA:7,0
DA:8,0
DA:10,0
DA:11,0
DA:12,0
DA:14,0
DA:15,0
DA:16,0
DA:17,0
DA:18,0
DA:20,0
DA:21,0
DA:22,0
DA:24,0
DA:25,0
DA:27,0
DA:28,0
DA:29,0
DA:31,0
DA:32,0
DA:33,0
DA:34,0
DA:35,0
DA:37,0
DA:38,0
DA:39,0
DA:40,0
DA:42,0
DA:43,0
DA:44,0
DA:45,0
DA:47,0
DA:48,0
DA:49,0
DA:50,0
DA:51,0
DA:52,0
DA:54,0
DA:55,0
DA:57,0
DA:58,0
DA:59,0
DA:60,0
DA:61,0
DA:62,0
LF:50
LH:0
BRDA:1,0,0,0
BRF:1
BRH:0
end_of_record
TN:
SF:src/features/sql-intelligence/dialect-manager.ts
FN:1,(empty-report)
FNF:1
FNH:0
FNDA:0,(empty-report)
DA:1,0
DA:11,0
DA:12,0
DA:13,0
DA:14,0
DA:15,0
DA:17,0
DA:18,0
DA:19,0
DA:20,0
DA:22,0
DA:23,0
DA:24,0
DA:26,0
DA:27,0
DA:28,0
DA:29,0
DA:31,0
DA:32,0
DA:33,0
DA:35,0
DA:36,0
DA:37,0
DA:39,0
DA:40,0
DA:41,0
DA:42,0
DA:43,0
DA:44,0
DA:46,0
DA:47,0
DA:48,0
DA:49,0
DA:50,0
DA:51,0
DA:52,0
DA:53,0
DA:55,0
DA:56,0
DA:57,0
DA:58,0
DA:59,0
DA:61,0
DA:62,0
DA:63,0
DA:64,0
DA:65,0
LF:47
LH:0
BRDA:1,0,0,0
BRF:1
BRH:0
end_of_record
TN:
SF:src/features/sql-intelligence/formatter-service.ts
FN:12,format
FN:22,getSupportedLanguages
FNF:2
FNH:2
FNDA:3,format
FNDA:1,getSupportedLanguages
DA:1,1
DA:11,1
DA:12,1
DA:13,3
DA:14,3
DA:15,3
DA:16,3
DA:17,3
DA:18,3
DA:19,3
DA:20,3
DA:22,1
DA:23,1
DA:24,1
DA:25,1
LF:15
LH:15
BRDA:12,0,0,3
BRDA:17,1,0,1
BRDA:22,2,0,1
BRF:3
BRH:3
end_of_record
TN:
SF:src/features/sql-intelligence/index.ts
FN:1,(empty-report)
FNF:1
FNH:0
FNDA:0,(empty-report)
DA:1,0
DA:2,0
DA:3,0
DA:4,0
DA:5,0
DA:7,0
DA:8,0
DA:9,0
DA:10,0
DA:11,0
DA:13,0
DA:14,0
DA:15,0
DA:16,0
DA:17,0
DA:18,0
DA:19,0
DA:20,0
DA:21,0
DA:22,0
DA:23,0
DA:24,0
DA:25,0
DA:26,0
DA:27,0
DA:28,0
DA:29,0
DA:31,0
DA:32,0
DA:34,0
DA:35,0
DA:36,0
DA:37,0
LF:33
LH:0
BRDA:1,0,0,0
BRF:1
BRH:0
end_of_record
TN:
SF:src/features/sql-intelligence/parser-service.ts
FN:20,<instance_members_initializer>
FN:24,SQLParserService
FN:29,parse
FN:47,getSupportedDialects
FN:51,extractError
FNF:5
FNH:5
FNDA:1,<instance_members_initializer>
FNDA:1,SQLParserService
FNDA:3,parse
FNDA:1,getSupportedDialects
FNDA:1,extractError
DA:1,1
DA:2,1
DA:20,1
DA:21,1
DA:22,1
DA:24,1
DA:25,1
DA:26,1
DA:27,1
DA:29,1
DA:30,3
DA:32,3
DA:33,3
DA:34,3
DA:35,3
DA:36,1
DA:38,1
DA:39,0
DA:40,0
DA:41,1
DA:43,1
DA:44,1
DA:45,3
DA:47,1
DA:48,1
DA:49,1
DA:51,1
DA:52,1
DA:53,1
DA:54,1
DA:55,1
DA:56,1
DA:57,1
DA:58,1
DA:59,1
DA:60,1
DA:61,0
DA:62,1
DA:63,1
LF:39
LH:36
BRDA:20,0,0,1
BRDA:24,1,0,1
BRDA:29,2,0,3
BRDA:35,3,0,1
BRDA:38,4,0,0
BRDA:39,5,0,0
BRDA:47,6,0,1
BRDA:51,7,0,1
BRDA:57,8,0,0
BRDA:58,9,0,0
BRDA:60,10,0,0
BRF:11
BRH:6
end_of_record
TN:
SF:src/features/sql-intelligence/template-preprocessor.ts
FN:18,<instance_members_initializer>
FN:22,preprocess
FN:79,isInPlaceholderRegion
FNF:3
FNH:2
FNDA:2,<instance_members_initializer>
FNDA:6,preprocess
FNDA:0,isInPlaceholderRegion
DA:18,1
DA:19,2
DA:20,2
DA:22,2
DA:23,6
DA:24,6
DA:25,6
DA:26,6
DA:27,6
DA:30,6
DA:31,7
DA:32,7
DA:33,7
DA:34,7
DA:35,7
DA:36,7
DA:37,7
DA:38,7
DA:39,7
DA:40,7
DA:41,7
DA:42,6
DA:45,6
DA:46,4
DA:47,4
DA:48,4
DA:49,4
DA:50,4
DA:51,4
DA:52,4
DA:53,4
DA:54,4
DA:55,4
DA:56,4
DA:57,6
DA:60,6
DA:61,0
DA:62,0
DA:63,0
DA:64,0
DA:65,0
DA:66,0
DA:67,0
DA:68,0
DA:69,0
DA:70,0
DA:71,6
DA:73,6
DA:74,6
DA:79,2
DA:80,0
DA:81,0
DA:82,2
LF:53
LH:41
BRDA:18,0,0,2
BRDA:22,1,0,6
BRDA:30,2,0,7
BRDA:45,3,0,4
BRF:4
BRH:4
end_of_record
TN:
SF:src/features/templated-sql/command-handler.ts
FN:1,(empty-report)
FNF:1
FNH:0
FNDA:0,(empty-report)
DA:1,0
DA:2,0
DA:3,0
DA:4,0
DA:6,0
DA:7,0
DA:8,0
DA:9,0
DA:10,0
DA:11,0
DA:12,0
DA:13,0
DA:14,0
DA:30,0
DA:31,0
DA:32,0
DA:34,0
DA:35,0
DA:36,0
DA:38,0
DA:39,0
DA:40,0
DA:41,0
DA:42,0
DA:43,0
DA:48,0
DA:49,0
DA:50,0
DA:51,0
DA:52,0
DA:53,0
DA:54,0
DA:55,0
DA:56,0
DA:57,0
DA:58,0
DA:59,0
DA:64,0
DA:65,0
DA:66,0
DA:67,0
DA:68,0
DA:69,0
DA:70,0
DA:71,0
DA:73,0
DA:74,0
DA:77,0
DA:78,0
DA:81,0
DA:82,0
DA:83,0
DA:86,0
DA:87,0
DA:88,0
DA:89,0
DA:90,0
DA:91,0
DA:92,0
DA:93,0
DA:96,0
DA:97,0
DA:98,0
DA:99,0
DA:100,0
DA:101,0
DA:102,0
DA:103,0
DA:106,0
DA:107,0
DA:108,0
DA:109,0
DA:110,0
DA:113,0
DA:116,0
DA:117,0
DA:118,0
DA:119,0
DA:120,0
DA:121,0
DA:123,0
DA:124,0
DA:126,0
DA:127,0
DA:128,0
DA:129,0
DA:130,0
DA:131,0
DA:132,0
DA:135,0
DA:136,0
DA:137,0
DA:138,0
DA:139,0
DA:140,0
DA:141,0
DA:142,0
DA:145,0
DA:147,0
DA:148,0
DA:153,0
DA:154,0
DA:155,0
DA:158,0
DA:159,0
DA:160,0
DA:161,0
DA:162,0
DA:163,0
DA:164,0
DA:167,0
DA:168,0
DA:170,0
DA:171,0
DA:172,0
DA:173,0
DA:174,0
DA:175,0
DA:176,0
DA:177,0
DA:178,0
DA:183,0
DA:184,0
DA:185,0
DA:186,0
DA:187,0
DA:188,0
DA:189,0
DA:190,0
DA:193,0
DA:195,0
DA:196,0
DA:198,0
DA:200,0
DA:201,0
DA:202,0
DA:203,0
DA:205,0
DA:206,0
DA:207,0
DA:212,0
DA:213,0
DA:214,0
DA:215,0
DA:216,0
DA:217,0
DA:218,0
DA:219,0
DA:222,0
DA:223,0
DA:224,0
DA:226,0
DA:227,0
DA:228,0
DA:229,0
DA:230,0
DA:231,0
DA:232,0
DA:233,0
DA:234,0
DA:235,0
DA:236,0
DA:237,0
DA:238,0
DA:240,0
DA:241,0
DA:242,0
DA:243,0
DA:244,0
DA:245,0
DA:246,0
DA:251,0
DA:252,0
DA:253,0
DA:258,0
DA:259,0
DA:260,0
DA:265,0
DA:267,0
DA:270,0
DA:271,0
DA:272,0
DA:273,0
DA:274,0
DA:275,0
DA:277,0
DA:280,0
DA:281,0
DA:282,0
DA:283,0
DA:284,0
DA:285,0
DA:286,0
DA:287,0
DA:290,0
DA:291,0
DA:293,0
DA:294,0
DA:295,0
DA:296,0
DA:297,0
DA:298,0
DA:300,0
DA:301,0
DA:306,0
DA:307,0
DA:308,0
DA:313,0
DA:314,0
DA:315,0
DA:320,0
DA:321,0
DA:322,0
DA:323,0
DA:324,0
DA:325,0
DA:326,0
DA:327,0
DA:328,0
DA:329,0
DA:330,0
DA:331,0
DA:332,0
DA:333,0
DA:335,0
DA:336,0
DA:337,0
DA:339,0
DA:340,0
DA:341,0
DA:342,0
DA:343,0
DA:344,0
DA:346,0
DA:347,0
DA:348,0
DA:349,0
DA:350,0
DA:351,0
DA:352,0
DA:353,0
DA:354,0
DA:355,0
DA:356,0
DA:357,0
DA:358,0
DA:359,0
DA:360,0
DA:362,0
DA:363,0
DA:364,0
DA:365,0
DA:366,0
DA:367,0
DA:368,0
DA:369,0
DA:370,0
DA:371,0
DA:372,0
DA:373,0
DA:375,0
DA:376,0
DA:378,0
DA:379,0
DA:380,0
DA:381,0
DA:382,0
DA:383,0
DA:384,0
DA:385,0
DA:386,0
DA:387,0
DA:388,0
DA:389,0
DA:390,0
DA:391,0
DA:392,0
DA:393,0
DA:394,0
DA:395,0
DA:397,0
DA:398,0
DA:399,0
DA:400,0
DA:405,0
DA:406,0
DA:408,0
DA:409,0
DA:410,0
DA:413,0
DA:414,0
DA:416,0
DA:417,0
DA:418,0
DA:420,0
DA:421,0
DA:422,0
DA:423,0
DA:428,0
DA:429,0
DA:431,0
DA:433,0
DA:434,0
DA:435,0
DA:436,0
DA:437,0
DA:438,0
DA:439,0
DA:440,0
LF:309
LH:0
BRDA:1,0,0,0
BRF:1
BRH:0
end_of_record
TN:
SF:src/features/templated-sql/constants.ts
FNF:0
FNH:0
DA:6,1
DA:7,1
DA:8,1
DA:9,1
DA:10,1
DA:11,1
DA:12,1
DA:13,1
DA:14,1
DA:15,1
DA:16,1
DA:17,1
DA:18,1
DA:19,1
DA:20,1
DA:21,1
DA:24,1
DA:25,1
DA:26,1
DA:27,1
DA:28,1
DA:29,1
DA:30,1
DA:31,1
DA:32,1
DA:33,1
DA:34,1
DA:35,1
DA:38,1
DA:39,1
DA:40,1
DA:41,1
DA:42,1
DA:43,1
DA:44,1
DA:45,1
DA:46,1
DA:49,1
DA:50,1
DA:51,1
DA:52,1
DA:53,1
DA:54,1
DA:55,1
DA:56,1
DA:57,1
DA:58,1
DA:59,1
DA:62,1
DA:63,1
DA:64,1
DA:65,1
DA:66,1
DA:67,1
DA:68,1
DA:69,1
DA:70,1
DA:71,1
DA:72,1
DA:75,1
DA:76,1
DA:77,1
DA:78,1
DA:79,1
DA:80,1
DA:81,1
DA:82,1
DA:83,1
DA:86,1
DA:87,1
DA:88,1
DA:89,1
DA:90,1
DA:91,1
DA:92,1
DA:93,1
DA:94,1
DA:95,1
DA:96,1
DA:97,1
DA:100,1
DA:101,1
DA:102,1
DA:103,1
DA:106,1
DA:107,1
DA:108,1
DA:109,1
DA:110,1
DA:111,1
LF:90
LH:90
BRF:0
BRH:0
end_of_record
TN:
SF:src/features/templated-sql/index.ts
FN:1,(empty-report)
FNF:1
FNH:0
FNDA:0,(empty-report)
DA:1,0
DA:3,0
DA:4,0
DA:9,0
DA:10,0
DA:11,0
DA:12,0
DA:13,0
DA:16,0
DA:17,0
DA:18,0
DA:19,0
DA:20,0
DA:21,0
DA:22,0
DA:23,0
DA:24,0
DA:25,0
DA:26,0
DA:27,0
DA:29,0
DA:31,0
DA:32,0
LF:23
LH:0
BRDA:1,0,0,0
BRF:1
BRH:0
end_of_record
TN:
SF:src/features/templated-sql/processor.ts
FN:62,isNunjucksNode
FN:66,forEachChild
FN:99,<instance_members_initializer>
FN:105,TemplateProcessor
FN:111,getInstance
FN:122,renderTemplate
FN:171,extractVariables
FN:201,extractVariablesWithNunjucksValidation
FN:224,extractVariablesFromAST
FN:263,extractVariablesFromNode
FN:400,extractVariablesFromLookupVal
FN:426,extractVariablesFromFilter
FN:475,extractVariablesWithRegex
FN:523,enrichVariablesWithNunjucksContext
FN:558,createTestContextForVariable
FN:579,extractVariablesFromExpression
FN:606,inferVariableType
FN:718,getDefaultValue
FN:812,isRequiredVariable
FN:820,generateDemoSQL
FN:838,renderWithCustomVariables
FN:848,generateCacheKey
FN:859,validateTemplate
FN:894,getTemplatePreview
FN:908,getSupportedFilters
FN:971,getSupportedFeatures
FN:987,getCacheMetrics
FN:997,clearCaches
FN:1005,clearVariableCache
FN:1012,clearTemplateCache
FNF:30
FNH:28
FNDA:473,isNunjucksNode
FNDA:275,forEachChild
FNDA:6,<instance_members_initializer>
FNDA:3,TemplateProcessor
FNDA:42,getInstance
FNDA:17,renderTemplate
FNDA:74,extractVariables
FNDA:3,extractVariablesWithNunjucksValidation
FNDA:72,extractVariablesFromAST
FNDA:364,extractVariablesFromNode
FNDA:2,extractVariablesFromLookupVal
FNDA:12,extractVariablesFromFilter
FNDA:3,extractVariablesWithRegex
FNDA:3,enrichVariablesWithNunjucksContext
FNDA:0,createTestContextForVariable
FNDA:0,extractVariablesFromExpression
FNDA:178,inferVariableType
FNDA:89,getDefaultValue
FNDA:89,isRequiredVariable
FNDA:3,generateDemoSQL
FNDA:1,renderWithCustomVariables
FNDA:87,generateCacheKey
FNDA:13,validateTemplate
FNDA:3,getTemplatePreview
FNDA:3,getSupportedFilters
FNDA:2,getSupportedFeatures
FNDA:8,getCacheMetrics
FNDA:42,clearCaches
FNDA:2,clearVariableCache
FNDA:2,clearTemplateCache
DA:1,1
DA:2,1
DA:3,1
DA:12,1
DA:13,1
DA:14,1
DA:62,473
DA:63,473
DA:64,473
DA:66,275
DA:67,275
DA:68,212
DA:69,275
DA:70,275
DA:71,275
DA:72,212
DA:73,212
DA:74,275
DA:99,1
DA:100,6
DA:101,6
DA:102,6
DA:103,6
DA:105,6
DA:106,3
DA:107,3
DA:108,3
DA:109,3
DA:111,6
DA:112,42
DA:113,3
DA:114,3
DA:115,42
DA:116,42
DA:122,6
DA:123,17
DA:125,17
DA:126,17
DA:127,17
DA:129,3
DA:130,3
DA:132,3
DA:133,3
DA:134,3
DA:135,3
DA:137,3
DA:138,3
DA:139,3
DA:141,3
DA:144,3
DA:145,3
DA:146,1
DA:147,1
DA:149,2
DA:150,3
DA:151,1
DA:152,1
DA:154,1
DA:155,1
DA:156,1
DA:158,0
DA:159,0
DA:160,0
DA:161,0
DA:162,0
DA:163,0
DA:164,0
DA:165,17
DA:171,6
DA:173,74
DA:174,74
DA:175,74
DA:176,2
DA:177,2
DA:179,72
DA:180,72
DA:181,72
DA:182,74
DA:183,3
DA:185,3
DA:186,3
DA:187,3
DA:188,0
DA:189,0
DA:190,0
DA:191,3
DA:194,72
DA:195,72
DA:196,74
DA:201,6
DA:203,3
DA:204,3
DA:205,3
DA:207,0
DA:208,0
DA:209,0
DA:210,0
DA:211,0
DA:214,3
DA:217,3
DA:218,3
DA:224,6
DA:225,72
DA:226,72
DA:228,72
DA:230,72
DA:231,72
DA:232,72
DA:234,72
DA:235,0
DA:236,0
DA:239,72
DA:242,72
DA:245,72
DA:246,3
DA:247,3
DA:250,69
DA:251,89
DA:252,89
DA:253,89
DA:254,69
DA:255,72
DA:256,3
DA:257,3
DA:258,72
DA:263,6
DA:264,364
DA:265,364
DA:266,364
DA:267,364
DA:268,364
DA:269,0
DA:270,0
DA:273,364
DA:274,364
DA:276,82
DA:277,82
DA:278,82
DA:279,78
DA:280,78
DA:281,78
DA:282,78
DA:283,78
DA:284,78
DA:285,78
DA:286,78
DA:287,78
DA:288,78
DA:289,82
DA:290,82
DA:292,364
DA:295,2
DA:296,2
DA:298,364
DA:300,12
DA:302,12
DA:303,12
DA:305,364
DA:307,0
DA:308,0
DA:309,0
DA:310,0
DA:311,0
DA:312,0
DA:313,0
DA:314,0
DA:315,0
DA:316,0
DA:317,0
DA:319,364
DA:321,4
DA:322,4
DA:323,4
DA:324,4
DA:326,364
DA:328,1
DA:329,1
DA:330,1
DA:332,364
DA:334,135
DA:335,135
DA:337,364
DA:339,45
DA:340,45
DA:342,364
DA:344,0
DA:345,0
DA:347,364
DA:349,0
DA:350,0
DA:352,364
DA:354,0
DA:355,0
DA:356,0
DA:358,364
DA:360,0
DA:361,0
DA:363,364
DA:365,0
DA:366,0
DA:368,364
DA:370,0
DA:371,0
DA:372,0
DA:374,364
DA:376,0
DA:377,0
DA:378,0
DA:380,364
DA:382,83
DA:383,83
DA:384,83
DA:385,83
DA:386,0
DA:387,0
DA:388,0
DA:389,0
DA:390,0
DA:391,0
DA:392,83
DA:393,364
DA:394,364
DA:400,6
DA:401,2
DA:402,2
DA:403,2
DA:404,2
DA:405,2
DA:406,2
DA:407,2
DA:408,2
DA:409,2
DA:410,2
DA:411,2
DA:412,2
DA:413,2
DA:414,2
DA:415,2
DA:416,2
DA:417,2
DA:418,2
DA:421,2
DA:426,6
DA:427,12
DA:428,12
DA:429,12
DA:430,12
DA:432,12
DA:433,12
DA:434,12
DA:435,12
DA:436,12
DA:438,12
DA:440,12
DA:441,18
DA:442,18
DA:443,11
DA:444,11
DA:446,9
DA:447,9
DA:448,9
DA:449,9
DA:450,9
DA:451,9
DA:452,9
DA:453,9
DA:454,9
DA:455,11
DA:457,2
DA:458,2
DA:459,2
DA:460,2
DA:461,2
DA:462,18
DA:464,7
DA:465,7
DA:466,18
DA:467,12
DA:468,12
DA:470,12
DA:475,6
DA:476,3
DA:477,3
DA:478,3
DA:479,3
DA:481,3
DA:482,3
DA:483,0
DA:484,0
DA:486,0
DA:487,0
DA:488,0
DA:489,0
DA:490,0
DA:491,0
DA:492,0
DA:493,0
DA:494,0
DA:495,0
DA:496,0
DA:497,0
DA:499,3
DA:500,0
DA:501,0
DA:503,0
DA:504,0
DA:505,0
DA:506,0
DA:507,0
DA:508,0
DA:509,0
DA:510,0
DA:511,0
DA:512,0
DA:513,0
DA:514,0
DA:515,0
DA:517,3
DA:518,3
DA:523,6
DA:524,3
DA:525,3
DA:526,3
DA:528,3
DA:530,0
DA:532,0
DA:534,0
DA:535,0
DA:538,0
DA:539,0
DA:540,0
DA:541,0
DA:542,0
DA:543,0
DA:545,0
DA:546,0
DA:547,0
DA:548,0
DA:549,0
DA:550,0
DA:551,0
DA:552,3
DA:553,3
DA:558,6
DA:559,0
DA:562,0
DA:563,0
DA:564,0
DA:565,0
DA:566,0
DA:567,0
DA:568,0
DA:569,0
DA:570,0
DA:571,0
DA:573,0
DA:574,0
DA:579,6
DA:580,0
DA:582,0
DA:583,0
DA:584,0
DA:585,0
DA:586,0
DA:587,0
DA:588,0
DA:589,0
DA:591,0
DA:592,0
DA:593,0
DA:594,0
DA:595,0
DA:596,0
DA:597,0
DA:598,0
DA:600,0
DA:601,0
DA:606,6
DA:607,178
DA:610,178
DA:611,178
DA:612,162
DA:613,158
DA:614,156
DA:615,154
DA:616,152
DA:617,152
DA:618,152
DA:619,152
DA:620,152
DA:621,152
DA:622,152
DA:623,148
DA:624,148
DA:625,148
DA:626,148
DA:627,148
DA:628,146
DA:629,146
DA:630,146
DA:631,146
DA:632,144
DA:633,144
DA:634,144
DA:635,144
DA:636,144
DA:637,144
DA:638,178
DA:639,34
DA:640,34
DA:643,144
DA:644,178
DA:645,124
DA:646,124
DA:647,124
DA:648,118
DA:649,118
DA:650,114
DA:651,112
DA:652,110
DA:653,110
DA:654,106
DA:655,106
DA:656,106
DA:657,106
DA:658,106
DA:659,106
DA:660,106
DA:661,106
DA:662,106
DA:663,106
DA:664,106
DA:665,106
DA:666,106
DA:667,106
DA:668,106
DA:669,106
DA:670,104
DA:671,104
DA:672,104
DA:673,102
DA:674,102
DA:675,102
DA:676,100
DA:677,100
DA:678,178
DA:679,44
DA:680,44
DA:683,100
DA:684,100
DA:685,76
DA:686,72
DA:687,68
DA:688,68
DA:689,68
DA:690,68
DA:691,68
DA:692,68
DA:693,68
DA:694,68
DA:695,68
DA:696,68
DA:697,68
DA:698,68
DA:699,68
DA:700,68
DA:701,68
DA:702,68
DA:703,68
DA:704,68
DA:705,68
DA:706,68
DA:707,178
DA:708,32
DA:709,32
DA:712,68
DA:713,178
DA:718,6
DA:719,89
DA:720,89
DA:722,89
DA:723,89
DA:726,22
DA:727,10
DA:728,19
DA:729,3
DA:730,12
DA:731,0
DA:732,9
DA:733,4
DA:734,9
DA:735,2
DA:736,4
DA:737,1
DA:738,2
DA:739,0
DA:740,2
DA:741,1
DA:742,1
DA:743,1
DA:744,1
DA:746,89
DA:748,16
DA:749,16
DA:750,3
DA:751,16
DA:752,4
DA:753,12
DA:755,2
DA:756,2
DA:757,2
DA:758,9
DA:759,2
DA:760,7
DA:761,5
DA:762,5
DA:764,89
DA:766,17
DA:767,2
DA:768,17
DA:769,10
DA:770,15
DA:771,4
DA:772,5
DA:774,0
DA:775,0
DA:776,0
DA:777,0
DA:778,0
DA:779,1
DA:780,1
DA:781,1
DA:783,89
DA:785,34
DA:786,4
DA:787,34
DA:788,9
DA:789,30
DA:790,1
DA:791,21
DA:792,1
DA:793,20
DA:794,2
DA:795,19
DA:796,1
DA:797,17
DA:798,1
DA:799,16
DA:800,0
DA:801,15
DA:802,6
DA:803,10
DA:804,9
DA:805,9
DA:806,89
DA:807,89
DA:812,6
DA:813,89
DA:814,89
DA:815,89
DA:820,6
DA:821,3
DA:822,3
DA:825,3
DA:826,6
DA:827,3
DA:830,3
DA:832,3
DA:833,3
DA:838,6
DA:839,1
DA:840,1
DA:848,6
DA:850,87
DA:851,87
DA:852,2834
DA:853,2834
DA:854,2834
DA:855,2834
DA:856,87
DA:857,87
DA:859,6
DA:861,13
DA:862,13
DA:863,13
DA:864,2
DA:865,2
DA:867,11
DA:869,11
DA:871,13
DA:872,3
DA:873,3
DA:874,3
DA:875,3
DA:878,8
DA:880,8
DA:881,8
DA:882,8
DA:883,13
DA:884,0
DA:885,0
DA:886,0
DA:887,0
DA:888,0
DA:889,13
DA:894,6
DA:895,3
DA:896,3
DA:898,3
DA:899,1
DA:900,1
DA:902,3
DA:903,3
DA:908,6
DA:909,3
DA:911,3
DA:912,3
DA:913,3
DA:914,3
DA:915,3
DA:918,3
DA:919,3
DA:920,3
DA:921,3
DA:924,3
DA:925,3
DA:926,3
DA:927,3
DA:928,3
DA:929,3
DA:930,3
DA:931,3
DA:932,3
DA:933,3
DA:936,3
DA:937,3
DA:938,3
DA:939,3
DA:940,3
DA:943,3
DA:944,3
DA:945,3
DA:946,3
DA:947,3
DA:948,3
DA:949,3
DA:950,3
DA:951,3
DA:952,3
DA:955,3
DA:958,3
DA:961,3
DA:964,3
DA:965,3
DA:966,3
DA:971,6
DA:972,2
DA:973,2
DA:974,2
DA:975,2
DA:976,2
DA:977,2
DA:978,2
DA:979,2
DA:980,2
DA:981,2
DA:982,2
DA:987,6
DA:988,8
DA:989,8
DA:990,8
DA:991,8
DA:992,8
DA:997,6
DA:998,42
DA:999,42
DA:1000,42
DA:1005,6
DA:1006,2
DA:1007,2
DA:1012,6
DA:1013,2
DA:1014,2
DA:1015,6
LF:684
LH:540
BRDA:62,0,0,473
BRDA:63,1,0,469
BRDA:66,2,0,275
BRDA:67,3,0,212
BRDA:68,4,0,275
BRDA:99,5,0,6
BRDA:105,6,0,3
BRDA:111,7,0,42
BRDA:112,8,0,3
BRDA:122,9,0,17
BRDA:127,10,0,3
BRDA:129,11,0,0
BRDA:145,12,0,1
BRDA:147,13,0,2
BRDA:150,14,0,1
BRDA:156,15,0,0
BRDA:171,16,0,74
BRDA:175,17,0,2
BRDA:177,18,0,72
BRDA:182,19,0,3
BRDA:187,20,0,0
BRDA:191,21,0,72
BRDA:201,22,0,3
BRDA:205,23,0,0
BRDA:224,24,0,72
BRDA:234,25,0,0
BRDA:245,26,0,3
BRDA:247,27,0,69
BRDA:255,28,0,3
BRDA:256,29,0,0
BRDA:250,30,0,89
BRDA:263,31,0,364
BRDA:268,32,0,0
BRDA:274,33,0,82
BRDA:278,34,0,78
BRDA:292,35,0,2
BRDA:298,36,0,12
BRDA:305,37,0,0
BRDA:319,38,0,4
BRDA:323,39,0,0
BRDA:326,40,0,1
BRDA:332,41,0,135
BRDA:337,42,0,45
BRDA:342,43,0,0
BRDA:347,44,0,0
BRDA:352,45,0,0
BRDA:358,46,0,0
BRDA:363,47,0,0
BRDA:368,48,0,0
BRDA:374,49,0,0
BRDA:380,50,0,83
BRDA:383,51,0,0
BRDA:384,52,0,0
BRDA:385,53,0,0
BRDA:385,54,0,0
BRDA:334,55,0,135
BRDA:382,56,0,140
BRDA:400,57,0,2
BRDA:426,58,0,12
BRDA:440,59,0,18
BRDA:442,60,0,11
BRDA:442,61,0,11
BRDA:444,62,0,9
BRDA:451,63,0,0
BRDA:455,64,0,2
BRDA:462,65,0,7
BRDA:457,66,0,5
BRDA:475,67,0,3
BRDA:482,68,0,0
BRDA:499,69,0,0
BRDA:523,70,0,3
BRDA:606,71,0,178
BRDA:611,72,0,162
BRDA:612,73,0,158
BRDA:613,74,0,156
BRDA:614,75,0,154
BRDA:615,76,0,152
BRDA:616,77,0,152
BRDA:617,78,0,152
BRDA:618,79,0,152
BRDA:619,80,0,152
BRDA:620,81,0,152
BRDA:621,82,0,152
BRDA:622,83,0,148
BRDA:623,84,0,148
BRDA:624,85,0,148
BRDA:625,86,0,148
BRDA:626,87,0,148
BRDA:627,88,0,146
BRDA:628,89,0,146
BRDA:629,90,0,146
BRDA:630,91,0,146
BRDA:631,92,0,144
BRDA:632,93,0,144
BRDA:633,94,0,144
BRDA:634,95,0,144
BRDA:635,96,0,144
BRDA:636,97,0,144
BRDA:638,98,0,34
BRDA:640,99,0,144
BRDA:644,100,0,20
BRDA:644,101,0,124
BRDA:645,102,0,124
BRDA:646,103,0,124
BRDA:647,104,0,118
BRDA:648,105,0,118
BRDA:649,106,0,114
BRDA:650,107,0,112
BRDA:651,108,0,110
BRDA:652,109,0,110
BRDA:653,110,0,106
BRDA:654,111,0,106
BRDA:655,112,0,106
BRDA:656,113,0,106
BRDA:657,114,0,106
BRDA:658,115,0,106
BRDA:659,116,0,106
BRDA:660,117,0,106
BRDA:661,118,0,106
BRDA:662,119,0,106
BRDA:663,120,0,106
BRDA:664,121,0,106
BRDA:665,122,0,106
BRDA:666,123,0,106
BRDA:667,124,0,106
BRDA:668,125,0,106
BRDA:669,126,0,104
BRDA:670,127,0,104
BRDA:671,128,0,104
BRDA:672,129,0,102
BRDA:673,130,0,102
BRDA:674,131,0,102
BRDA:675,132,0,100
BRDA:676,133,0,100
BRDA:678,134,0,44
BRDA:680,135,0,100
BRDA:684,136,0,76
BRDA:685,137,0,72
BRDA:686,138,0,68
BRDA:687,139,0,68
BRDA:688,140,0,68
BRDA:689,141,0,68
BRDA:690,142,0,68
BRDA:691,143,0,68
BRDA:692,144,0,68
BRDA:693,145,0,68
BRDA:694,146,0,68
BRDA:695,147,0,68
BRDA:696,148,0,68
BRDA:697,149,0,68
BRDA:698,150,0,68
BRDA:699,151,0,68
BRDA:700,152,0,68
BRDA:701,153,0,68
BRDA:702,154,0,68
BRDA:703,155,0,68
BRDA:704,156,0,68
BRDA:705,157,0,68
BRDA:707,158,0,32
BRDA:709,159,0,68
BRDA:718,160,0,89
BRDA:723,161,0,22
BRDA:726,162,0,12
BRDA:726,163,0,0
BRDA:726,164,0,19
BRDA:726,165,0,10
BRDA:728,166,0,12
BRDA:728,167,0,3
BRDA:730,168,0,9
BRDA:730,169,0,0
BRDA:732,170,0,4
BRDA:734,171,0,5
BRDA:734,172,0,3
BRDA:734,173,0,4
BRDA:734,174,0,2
BRDA:736,175,0,3
BRDA:736,176,0,2
BRDA:736,177,0,1
BRDA:738,178,0,0
BRDA:740,179,0,1
BRDA:746,180,0,16
BRDA:749,181,0,3
BRDA:751,182,0,13
BRDA:751,183,0,12
BRDA:751,184,0,4
BRDA:753,185,0,9
BRDA:753,186,0,2
BRDA:758,187,0,7
BRDA:758,188,0,2
BRDA:760,189,0,5
BRDA:764,190,0,17
BRDA:766,191,0,2
BRDA:768,192,0,15
BRDA:768,193,0,10
BRDA:770,194,0,5
BRDA:770,195,0,4
BRDA:772,196,0,1
BRDA:772,197,0,0
BRDA:783,198,0,34
BRDA:785,199,0,4
BRDA:787,200,0,30
BRDA:787,201,0,9
BRDA:789,202,0,21
BRDA:789,203,0,1
BRDA:791,204,0,20
BRDA:791,205,0,1
BRDA:793,206,0,19
BRDA:793,207,0,2
BRDA:795,208,0,17
BRDA:795,209,0,1
BRDA:797,210,0,16
BRDA:797,211,0,1
BRDA:799,212,0,15
BRDA:799,213,0,0
BRDA:801,214,0,10
BRDA:801,215,0,6
BRDA:803,216,0,9
BRDA:806,217,0,0
BRDA:728,218,0,30
BRDA:730,219,0,27
BRDA:732,220,0,28
BRDA:734,221,0,12
BRDA:736,222,0,5
BRDA:738,223,0,4
BRDA:740,224,0,3
BRDA:749,225,0,42
BRDA:751,226,0,22
BRDA:753,227,0,24
BRDA:758,228,0,12
BRDA:766,229,0,152
BRDA:768,230,0,53
BRDA:770,231,0,10
BRDA:793,232,0,36
BRDA:799,233,0,30
BRDA:812,234,0,89
BRDA:814,235,0,79
BRDA:814,236,0,79
BRDA:820,237,0,3
BRDA:825,238,0,6
BRDA:838,239,0,1
BRDA:848,240,0,87
BRDA:851,241,0,2834
BRDA:859,242,0,13
BRDA:863,243,0,2
BRDA:865,244,0,11
BRDA:871,245,0,3
BRDA:871,246,0,10
BRDA:871,247,0,3
BRDA:875,248,0,8
BRDA:883,249,0,0
BRDA:894,250,0,3
BRDA:898,251,0,1
BRDA:908,252,0,3
BRDA:971,253,0,2
BRDA:987,254,0,8
BRDA:997,255,0,42
BRDA:1005,256,0,2
BRDA:1012,257,0,2
BRF:258
BRH:228
end_of_record
TN:
SF:src/features/templated-sql/sqlalchemy.ts
FN:1,(empty-report)
FNF:1
FNH:1
FNDA:1,(empty-report)
DA:15,0
DA:20,0
DA:25,0
DA:27,0
DA:29,0
DA:30,0
DA:32,0
DA:33,0
DA:35,0
DA:38,0
DA:39,0
DA:40,0
DA:41,0
DA:42,0
DA:46,0
DA:47,0
DA:48,0
DA:50,0
DA:51,0
DA:52,0
DA:53,0
DA:54,0
DA:57,0
DA:58,0
DA:59,0
DA:61,0
DA:62,0
DA:64,0
DA:66,0
DA:67,0
DA:68,0
DA:69,0
DA:70,0
DA:71,0
DA:76,0
DA:77,0
DA:78,0
DA:79,0
DA:81,0
DA:82,0
DA:83,0
DA:84,0
DA:85,0
DA:86,0
DA:87,0
DA:88,0
DA:89,0
DA:90,0
DA:91,0
DA:92,0
DA:93,0
DA:94,0
DA:95,0
DA:96,0
DA:97,0
DA:98,0
DA:99,0
DA:100,0
DA:101,0
DA:102,0
DA:104,0
DA:105,0
DA:110,0
DA:111,0
DA:112,0
DA:117,0
DA:118,0
DA:119,0
DA:120,0
DA:123,0
DA:124,0
DA:125,0
DA:126,0
DA:127,0
DA:128,0
DA:129,0
DA:132,0
DA:133,0
DA:135,0
DA:137,0
DA:138,0
DA:139,0
DA:142,0
DA:143,0
DA:146,0
DA:147,0
DA:149,0
DA:150,0
DA:151,0
DA:152,0
DA:153,0
DA:154,0
DA:159,0
DA:160,0
DA:161,0
DA:162,0
DA:164,0
DA:166,0
DA:167,0
DA:169,0
DA:170,0
DA:171,0
DA:173,0
DA:174,0
DA:175,0
DA:177,0
DA:178,0
DA:179,0
DA:181,0
DA:182,0
DA:183,0
DA:186,0
DA:187,0
DA:192,0
DA:193,0
DA:194,0
DA:195,0
DA:196,0
DA:197,0
DA:199,0
DA:201,0
DA:202,0
DA:203,0
DA:204,0
DA:206,0
DA:207,0
DA:212,0
DA:216,0
DA:217,0
DA:218,0
DA:220,0
DA:223,0
DA:224,0
DA:226,0
DA:227,0
DA:228,0
DA:229,0
DA:231,0
DA:232,0
DA:233,0
DA:234,0
DA:235,0
DA:236,0
DA:237,0
DA:238,0
DA:239,0
DA:240,0
DA:241,0
DA:242,0
DA:245,0
DA:246,0
DA:247,0
DA:248,0
DA:250,0
DA:251,0
DA:252,0
DA:253,0
DA:256,0
DA:257,0
DA:258,0
DA:260,0
DA:261,0
DA:262,0
DA:263,0
DA:264,0
DA:266,0
DA:267,0
DA:268,0
DA:269,0
DA:270,0
DA:271,0
DA:276,0
DA:280,0
DA:281,0
DA:282,0
DA:284,0
DA:285,0
DA:286,0
DA:287,0
DA:288,0
DA:289,0
DA:294,0
DA:299,0
DA:300,0
DA:302,0
DA:303,0
DA:304,0
DA:306,0
DA:308,0
DA:309,0
DA:310,0
DA:311,0
DA:312,0
DA:314,0
DA:315,0
DA:316,0
DA:317,0
DA:318,0
DA:319,0
DA:320,0
DA:321,0
LF:201
LH:0
BRDA:1,0,0,1
BRF:1
BRH:1
end_of_record
TN:
SF:src/features/templated-sql/webview.ts
FN:1,(empty-report)
FNF:1
FNH:0
FNDA:0,(empty-report)
DA:1,0
DA:2,0
DA:3,0
DA:5,0
DA:6,0
DA:7,0
DA:9,0
DA:34,0
DA:35,0
DA:36,0
DA:37,0
DA:38,0
DA:39,0
DA:40,0
DA:41,0
DA:42,0
DA:43,0
DA:48,0
DA:49,0
DA:50,0
DA:55,0
DA:56,0
DA:57,0
DA:58,0
DA:59,0
DA:64,0
DA:65,0
DA:66,0
DA:67,0
DA:68,0
DA:69,0
DA:70,0
DA:72,0
DA:73,0
DA:74,0
DA:75,0
DA:76,0
DA:77,0
DA:78,0
DA:79,0
DA:84,0
DA:85,0
DA:86,0
DA:87,0
DA:88,0
DA:89,0
DA:90,0
DA:91,0
DA:93,0
DA:94,0
DA:95,0
DA:96,0
DA:97,0
DA:98,0
DA:99,0
DA:100,0
DA:102,0
DA:103,0
DA:106,0
DA:107,0
DA:108,0
DA:110,0
DA:113,0
DA:114,0
DA:115,0
DA:117,0
DA:118,0
DA:119,0
DA:121,0
DA:122,0
DA:123,0
DA:124,0
DA:125,0
DA:130,0
DA:131,0
DA:132,0
DA:133,0
DA:135,0
DA:136,0
DA:137,0
DA:138,0
DA:139,0
DA:140,0
DA:141,0
DA:146,0
DA:147,0
DA:148,0
DA:150,0
DA:151,0
DA:152,0
DA:155,0
DA:156,0
DA:157,0
DA:158,0
DA:159,0
DA:162,0
DA:163,0
DA:164,0
DA:165,0
DA:166,0
DA:167,0
DA:168,0
DA:169,0
DA:170,0
DA:171,0
DA:172,0
DA:173,0
DA:174,0
DA:175,0
DA:176,0
DA:177,0
DA:178,0
DA:180,0
DA:181,0
DA:184,0
DA:185,0
DA:186,0
DA:187,0
DA:188,0
DA:189,0
DA:192,0
DA:193,0
DA:195,0
DA:196,0
DA:197,0
DA:198,0
DA:199,0
DA:202,0
DA:203,0
DA:204,0
DA:207,0
DA:208,0
DA:211,0
DA:212,0
DA:214,0
DA:215,0
DA:216,0
DA:217,0
DA:219,0
DA:220,0
DA:222,0
DA:223,0
DA:224,0
DA:225,0
DA:226,0
DA:227,0
DA:228,0
DA:229,0
DA:230,0
DA:231,0
DA:233,0
DA:234,0
DA:235,0
DA:236,0
DA:238,0
DA:239,0
DA:240,0
DA:241,0
DA:243,0
DA:245,0
DA:247,0
DA:248,0
DA:249,0
DA:250,0
DA:251,0
DA:252,0
DA:254,0
DA:255,0
DA:256,0
DA:257,0
DA:258,0
DA:259,0
DA:262,0
DA:263,0
DA:264,0
DA:265,0
DA:266,0
DA:267,0
DA:268,0
DA:270,0
DA:271,0
DA:272,0
DA:273,0
DA:274,0
DA:276,0
DA:278,0
DA:279,0
DA:282,0
DA:283,0
DA:286,0
DA:288,0
DA:289,0
DA:292,0
DA:293,0
DA:294,0
DA:297,0
DA:298,0
DA:299,0
DA:300,0
DA:301,0
DA:304,0
DA:305,0
DA:306,0
DA:308,0
DA:310,0
DA:311,0
DA:312,0
DA:317,0
DA:318,0
DA:319,0
DA:320,0
DA:321,0
DA:323,0
DA:324,0
DA:326,0
DA:327,0
DA:328,0
DA:329,0
DA:330,0
DA:331,0
DA:332,0
DA:337,0
DA:338,0
DA:340,0
DA:341,0
DA:342,0
DA:343,0
DA:344,0
DA:345,0
DA:346,0
DA:347,0
DA:352,0
DA:353,0
DA:354,0
DA:355,0
DA:356,0
DA:357,0
DA:358,0
DA:359,0
DA:360,0
DA:361,0
DA:362,0
DA:363,0
DA:364,0
DA:365,0
DA:370,0
DA:372,0
DA:373,0
DA:374,0
DA:377,0
DA:378,0
DA:379,0
DA:380,0
DA:381,0
DA:382,0
DA:383,0
DA:386,0
DA:387,0
DA:388,0
DA:389,0
DA:390,0
DA:391,0
DA:392,0
DA:395,0
DA:396,0
DA:397,0
DA:398,0
DA:399,0
DA:400,0
DA:403,0
DA:404,0
DA:405,0
DA:406,0
DA:407,0
DA:408,0
DA:409,0
DA:410,0
DA:411,0
DA:412,0
DA:413,0
DA:414,0
DA:415,0
DA:416,0
DA:417,0
DA:418,0
DA:423,0
DA:425,0
DA:426,0
DA:427,0
DA:428,0
DA:429,0
DA:430,0
DA:431,0
DA:434,0
DA:435,0
DA:436,0
DA:439,0
DA:440,0
DA:441,0
DA:444,0
DA:445,0
DA:446,0
DA:448,0
DA:449,0
DA:452,0
DA:453,0
DA:454,0
DA:455,0
DA:457,0
DA:458,0
DA:460,0
DA:461,0
DA:462,0
DA:463,0
DA:464,0
DA:465,0
DA:466,0
DA:471,0
DA:472,0
DA:473,0
DA:474,0
DA:475,0
DA:476,0
DA:477,0
DA:479,0
DA:480,0
DA:481,0
DA:483,0
DA:488,0
DA:489,0
DA:490,0
DA:558,0
DA:601,0
DA:602,0
DA:605,0
DA:606,0
DA:608,0
DA:609,0
DA:610,0
DA:611,0
DA:612,0
DA:613,0
DA:614,0
DA:615,0
LF:344
LH:0
BRDA:1,0,0,0
BRF:1
BRH:0
end_of_record
TN:
SF:src/features/templated-sql/analyzers/analyzer-pipeline.ts
FN:29,<instance_members_initializer>
FN:39,register
FN:52,unregister
FN:65,getAnalyzer
FN:73,getRegisteredAnalyzers
FN:81,getSortedAnalyzers
FN:96,hasAnalyzer
FN:106,execute
FN:179,deduplicateParameters
FN:203,clear
FN:212,get size
FNF:11
FNH:11
FNDA:37,<instance_members_initializer>
FNDA:123,register
FNDA:2,unregister
FNDA:2,getAnalyzer
FNDA:2,getRegisteredAnalyzers
FNDA:30,getSortedAnalyzers
FNDA:2,hasAnalyzer
FNDA:29,execute
FNDA:27,deduplicateParameters
FNDA:1,clear
FNDA:3,get size
DA:20,1
DA:21,1
DA:22,1
DA:23,1
DA:24,1
DA:29,1
DA:30,37
DA:31,37
DA:32,37
DA:39,37
DA:40,123
DA:41,1
DA:42,1
DA:43,122
DA:44,122
DA:45,123
DA:52,37
DA:53,2
DA:54,2
DA:55,1
DA:56,1
DA:57,2
DA:58,2
DA:65,37
DA:66,2
DA:67,2
DA:73,37
DA:74,2
DA:75,2
DA:81,37
DA:82,30
DA:83,30
DA:84,30
DA:85,30
DA:86,30
DA:87,30
DA:88,30
DA:89,30
DA:96,37
DA:97,2
DA:98,2
DA:106,37
DA:107,29
DA:108,29
DA:110,29
DA:111,29
DA:112,29
DA:113,3
DA:114,26
DA:115,29
DA:117,29
DA:118,29
DA:119,29
DA:120,29
DA:122,29
DA:124,103
DA:125,8
DA:126,8
DA:129,95
DA:130,95
DA:131,95
DA:132,95
DA:135,95
DA:136,95
DA:137,95
DA:140,103
DA:142,36
DA:143,96
DA:144,96
DA:145,36
DA:146,36
DA:149,36
DA:150,6
DA:151,6
DA:152,6
DA:153,36
DA:154,103
DA:157,29
DA:158,27
DA:159,2
DA:161,29
DA:163,29
DA:164,29
DA:165,29
DA:166,29
DA:167,29
DA:168,29
DA:169,29
DA:170,29
DA:171,29
DA:172,29
DA:179,37
DA:180,27
DA:181,27
DA:182,27
DA:183,27
DA:185,27
DA:187,89
DA:188,89
DA:189,88
DA:190,88
DA:191,88
DA:192,88
DA:193,88
DA:194,88
DA:195,89
DA:197,27
DA:198,27
DA:203,37
DA:204,1
DA:205,1
DA:206,1
DA:207,1
DA:212,37
DA:213,3
DA:214,3
DA:215,37
LF:117
LH:117
BRDA:29,0,0,37
BRDA:39,1,0,123
BRDA:40,2,0,1
BRDA:42,3,0,122
BRDA:52,4,0,2
BRDA:54,5,0,1
BRDA:65,6,0,2
BRDA:73,7,0,2
BRDA:81,8,0,30
BRDA:84,9,0,85
BRDA:96,10,0,2
BRDA:106,11,0,29
BRDA:112,12,0,3
BRDA:113,13,0,26
BRDA:122,14,0,103
BRDA:124,15,0,8
BRDA:126,16,0,95
BRDA:140,17,0,36
BRDA:149,18,0,6
BRDA:157,19,0,27
BRDA:158,20,0,2
BRDA:114,21,0,98
BRDA:142,22,0,96
BRDA:179,23,0,27
BRDA:185,24,0,89
BRDA:188,25,0,88
BRDA:203,26,0,1
BRDA:212,27,0,3
BRF:28
BRH:28
end_of_record
TN:
SF:src/features/templated-sql/analyzers/asyncpg-param-analyzer.ts
FN:20,<instance_members_initializer>
FN:26,analyze
FN:61,isInsideJinja2Expression
FNF:3
FNH:3
FNDA:20,<instance_members_initializer>
FNDA:20,analyze
FNDA:13,isInsideJinja2Expression
DA:15,1
DA:20,1
DA:21,20
DA:22,20
DA:23,20
DA:24,20
DA:26,20
DA:27,20
DA:28,20
DA:31,20
DA:33,20
DA:35,13
DA:36,0
DA:37,0
DA:39,13
DA:41,13
DA:42,13
DA:43,13
DA:44,13
DA:45,13
DA:46,13
DA:47,13
DA:48,13
DA:49,13
DA:51,20
DA:52,20
DA:53,20
DA:54,20
DA:55,20
DA:56,20
DA:61,20
DA:62,13
DA:63,13
DA:64,13
DA:65,13
DA:66,13
DA:67,20
LF:37
LH:35
BRDA:20,0,0,20
BRDA:26,1,0,20
BRDA:33,2,0,13
BRDA:35,3,0,0
BRDA:61,4,0,13
BRDA:63,5,0,12
BRDA:64,6,0,12
BRF:7
BRH:6
end_of_record
TN:
SF:src/features/templated-sql/analyzers/index.ts
FN:1,(empty-report)
FNF:1
FNH:1
FNDA:1,(empty-report)
DA:7,0
DA:8,0
DA:9,0
DA:10,0
DA:11,0
DA:12,0
LF:6
LH:0
BRDA:1,0,0,1
BRF:1
BRH:1
end_of_record
TN:
SF:src/features/templated-sql/analyzers/jinja2-analyzer.ts
FN:40,<instance_members_initializer>
FN:46,analyze
FN:93,extractVariablesFromExpression
FNF:3
FNH:3
FNDA:20,<instance_members_initializer>
FNDA:23,analyze
FNDA:11,extractVariablesFromExpression
DA:13,1
DA:18,1
DA:23,1
DA:24,1
DA:25,1
DA:26,1
DA:27,1
DA:28,1
DA:29,1
DA:30,1
DA:31,1
DA:32,1
DA:33,1
DA:34,1
DA:35,1
DA:40,1
DA:41,20
DA:42,20
DA:43,20
DA:44,20
DA:46,20
DA:47,23
DA:48,23
DA:49,23
DA:52,23
DA:54,23
DA:55,11
DA:58,11
DA:60,11
DA:62,11
DA:63,2
DA:64,2
DA:67,11
DA:68,1
DA:69,1
DA:70,8
DA:72,8
DA:73,8
DA:74,8
DA:75,8
DA:76,8
DA:77,8
DA:78,8
DA:79,8
DA:80,8
DA:81,11
DA:83,23
DA:84,23
DA:85,23
DA:86,23
DA:87,23
DA:88,23
DA:93,20
DA:94,11
DA:95,11
DA:98,11
DA:99,11
DA:102,11
DA:103,11
DA:104,11
DA:106,11
DA:107,0
DA:108,0
DA:109,11
DA:110,11
DA:112,11
DA:113,11
DA:114,20
LF:68
LH:66
BRDA:40,0,0,20
BRDA:46,1,0,23
BRDA:54,2,0,11
BRDA:62,3,0,2
BRDA:64,4,0,9
BRDA:67,5,0,1
BRDA:69,6,0,8
BRDA:93,7,0,11
BRDA:106,8,0,0
BRF:9
BRH:8
end_of_record
TN:
SF:src/features/templated-sql/analyzers/named-param-analyzer.ts
FN:21,<instance_members_initializer>
FN:27,analyze
FN:62,isInsideJinja2Expression
FNF:3
FNH:3
FNDA:20,<instance_members_initializer>
FNDA:27,analyze
FNDA:80,isInsideJinja2Expression
DA:16,1
DA:21,1
DA:22,20
DA:23,20
DA:24,20
DA:25,20
DA:27,20
DA:28,27
DA:29,27
DA:32,27
DA:34,27
DA:35,80
DA:38,80
DA:39,0
DA:40,0
DA:42,80
DA:43,80
DA:44,80
DA:45,80
DA:46,80
DA:47,80
DA:48,80
DA:49,80
DA:50,80
DA:52,27
DA:53,27
DA:54,27
DA:55,27
DA:56,27
DA:57,27
DA:62,20
DA:63,80
DA:64,80
DA:65,80
DA:66,80
DA:67,80
DA:68,20
LF:37
LH:35
BRDA:21,0,0,20
BRDA:27,1,0,27
BRDA:34,2,0,80
BRDA:38,3,0,0
BRDA:62,4,0,80
BRDA:64,5,0,76
BRDA:65,6,0,76
BRF:7
BRH:6
end_of_record
TN:
SF:src/features/templated-sql/analyzers/numeric-param-analyzer.ts
FN:20,<instance_members_initializer>
FN:26,analyze
FN:61,isInsideJinja2Expression
FNF:3
FNH:3
FNDA:20,<instance_members_initializer>
FNDA:20,analyze
FNDA:7,isInsideJinja2Expression
DA:15,1
DA:20,1
DA:21,20
DA:22,20
DA:23,20
DA:24,20
DA:26,20
DA:27,20
DA:28,20
DA:31,20
DA:33,20
DA:35,7
DA:36,0
DA:37,0
DA:39,7
DA:41,7
DA:42,7
DA:43,7
DA:44,7
DA:45,7
DA:46,7
DA:47,7
DA:48,7
DA:49,7
DA:51,20
DA:52,20
DA:53,20
DA:54,20
DA:55,20
DA:56,20
DA:61,20
DA:62,7
DA:63,7
DA:64,7
DA:65,7
DA:66,7
DA:67,20
LF:37
LH:35
BRDA:20,0,0,20
BRDA:26,1,0,20
BRDA:33,2,0,7
BRDA:35,3,0,0
BRDA:61,4,0,7
BRDA:63,5,0,6
BRDA:64,6,0,6
BRF:7
BRH:6
end_of_record
TN:
SF:src/features/templated-sql/analyzers/pyformat-param-analyzer.ts
FN:20,<instance_members_initializer>
FN:26,analyze
FN:59,isInsideJinja2Expression
FNF:3
FNH:3
FNDA:20,<instance_members_initializer>
FNDA:20,analyze
FNDA:10,isInsideJinja2Expression
DA:15,1
DA:20,1
DA:21,20
DA:22,20
DA:23,20
DA:24,20
DA:26,20
DA:27,20
DA:28,20
DA:31,20
DA:33,20
DA:35,10
DA:36,0
DA:37,0
DA:39,10
DA:40,10
DA:41,10
DA:42,10
DA:43,10
DA:44,10
DA:45,10
DA:46,10
DA:47,10
DA:49,20
DA:50,20
DA:51,20
DA:52,20
DA:53,20
DA:54,20
DA:59,20
DA:60,10
DA:61,10
DA:62,10
DA:63,10
DA:64,10
DA:65,20
LF:36
LH:34
BRDA:20,0,0,20
BRDA:26,1,0,20
BRDA:33,2,0,10
BRDA:35,3,0,0
BRDA:59,4,0,10
BRDA:61,5,0,9
BRDA:62,6,0,9
BRF:7
BRH:6
end_of_record
TN:
SF:src/features/templated-sql/analyzers/types.ts
FN:1,(empty-report)
FNF:1
FNH:1
FNDA:1,(empty-report)
LF:0
LH:0
BRDA:1,0,0,1
BRF:1
BRH:1
end_of_record
TN:
SF:src/features/templates/index.ts
FN:4,createDefaultRegistry
FNF:1
FNH:1
FNDA:5,createDefaultRegistry
DA:1,1
DA:2,1
DA:4,1
DA:5,5
DA:6,5
DA:7,5
DA:8,5
DA:10,1
LF:8
LH:8
BRDA:4,0,0,5
BRDA:6,1,0,30
BRF:2
BRH:2
end_of_record
TN:
SF:src/features/templates/registry.ts
FN:3,<instance_members_initializer>
FN:6,register
FN:10,get
FN:14,getAll
FN:18,findByTag
FN:22,findByDialect
FN:26,search
FN:35,get size
FNF:8
FNH:8
FNDA:6,<instance_members_initializer>
FNDA:31,register
FNDA:1,get
FNDA:5,getAll
FNDA:1,findByTag
FNDA:3,findByDialect
FNDA:1,search
FNDA:3,get size
DA:3,1
DA:4,6
DA:6,6
DA:7,31
DA:8,31
DA:10,6
DA:11,1
DA:12,1
DA:14,6
DA:15,5
DA:16,5
DA:18,6
DA:19,1
DA:20,1
DA:22,6
DA:23,3
DA:24,3
DA:26,6
DA:27,1
DA:28,1
DA:29,6
DA:30,5
DA:31,5
DA:32,1
DA:33,1
DA:35,6
DA:36,3
DA:37,3
DA:38,6
LF:29
LH:29
BRDA:3,0,0,6
BRDA:6,1,0,31
BRDA:10,2,0,1
BRDA:14,3,0,5
BRDA:18,4,0,1
BRDA:19,5,0,6
BRDA:22,6,0,3
BRDA:23,7,0,8
BRDA:23,8,0,7
BRDA:26,9,0,1
BRDA:28,10,0,6
BRDA:29,11,0,5
BRDA:30,12,0,5
BRDA:31,13,0,15
BRDA:35,14,0,3
BRF:15
BRH:15
end_of_record
TN:
SF:src/features/templates/types.ts
FN:1,(empty-report)
FNF:1
FNH:1
FNDA:1,(empty-report)
LF:0
LH:0
BRDA:1,0,0,1
BRF:1
BRH:1
end_of_record
TN:
SF:src/features/templates/builtin/crud.ts
FNF:0
FNH:0
DA:3,1
DA:4,1
DA:5,1
DA:6,1
DA:7,1
DA:8,1
DA:9,1
DA:10,1
DA:11,1
DA:12,1
DA:13,1
DA:14,1
DA:17,1
DA:18,1
DA:19,1
DA:20,1
DA:21,1
DA:22,1
DA:23,1
DA:24,1
DA:25,1
DA:26,1
DA:27,1
DA:28,1
DA:30,1
DA:31,1
DA:32,1
DA:33,1
DA:34,1
DA:35,1
DA:36,1
DA:37,1
DA:38,1
DA:39,1
DA:40,1
DA:41,1
DA:44,1
DA:45,1
DA:46,1
DA:47,1
DA:48,1
DA:49,1
DA:50,1
DA:51,1
DA:52,1
DA:53,1
DA:54,1
DA:56,1
DA:57,1
DA:58,1
DA:59,1
DA:60,1
DA:61,1
DA:62,1
DA:63,1
DA:64,1
DA:65,1
DA:66,1
DA:67,1
DA:68,1
DA:69,1
DA:74,1
DA:75,1
DA:76,1
DA:77,1
DA:78,1
DA:79,1
DA:80,1
DA:81,1
DA:82,1
DA:83,1
DA:84,1
DA:85,1
DA:86,1
DA:89,1
DA:90,1
LF:76
LH:76
BRF:0
BRH:0
end_of_record
TN:
SF:src/shared/nunjucks-setup.ts
FN:15,generateUUID
FN:23,formatSQLDate
FN:40,registerSQLFilters
FN:72,registerTypeFilters
FN:102,registerStringFilters
FN:139,registerCollectionFilters
FN:219,registerTemplateTests
FN:244,registerCustomGlobals
FN:252,createAlignedNunjucksEnv
FN:273,buildNestedContext
FNF:10
FNH:10
FNDA:1,generateUUID
FNDA:4,formatSQLDate
FNDA:4,registerSQLFilters
FNDA:4,registerTypeFilters
FNDA:4,registerStringFilters
FNDA:4,registerCollectionFilters
FNDA:4,registerTemplateTests
FNDA:4,registerCustomGlobals
FNDA:4,createAlignedNunjucksEnv
FNDA:22,buildNestedContext
DA:1,1
DA:9,1
DA:10,1
DA:11,1
DA:12,1
DA:13,1
DA:15,1
DA:16,1
DA:17,31
DA:18,31
DA:19,31
DA:20,1
DA:21,1
DA:23,4
DA:24,4
DA:25,4
DA:26,4
DA:27,4
DA:28,4
DA:29,4
DA:31,4
DA:32,4
DA:33,4
DA:34,4
DA:35,4
DA:36,4
DA:37,4
DA:38,4
DA:40,4
DA:41,4
DA:42,4
DA:43,3
DA:44,0
DA:45,4
DA:47,4
DA:48,2
DA:49,4
DA:51,4
DA:52,4
DA:53,4
DA:54,4
DA:56,4
DA:57,0
DA:58,0
DA:59,4
DA:61,4
DA:62,4
DA:63,4
DA:64,4
DA:65,4
DA:66,4
DA:67,4
DA:68,0
DA:69,4
DA:70,4
DA:72,4
DA:73,4
DA:74,2
DA:75,1
DA:76,2
DA:77,4
DA:79,4
DA:80,2
DA:81,2
DA:82,2
DA:83,4
DA:85,4
DA:87,4
DA:88,2
DA:89,2
DA:90,2
DA:91,2
DA:92,2
DA:93,0
DA:94,4
DA:96,4
DA:97,9
DA:98,9
DA:99,4
DA:100,4
DA:102,4
DA:103,4
DA:104,0
DA:105,0
DA:106,4
DA:108,4
DA:109,0
DA:110,0
DA:111,0
DA:112,0
DA:113,0
DA:114,0
DA:115,0
DA:116,0
DA:117,0
DA:118,0
DA:119,0
DA:120,4
DA:122,4
DA:123,0
DA:124,0
DA:125,0
DA:126,0
DA:127,0
DA:128,0
DA:129,0
DA:130,0
DA:131,0
DA:132,0
DA:133,0
DA:134,4
DA:136,4
DA:137,4
DA:139,4
DA:140,4
DA:141,0
DA:142,0
DA:143,0
DA:144,0
DA:145,4
DA:147,4
DA:148,0
DA:149,0
DA:150,0
DA:151,4
DA:153,4
DA:154,7
DA:155,7
DA:156,7
DA:157,7
DA:158,7
DA:159,7
DA:160,3
DA:161,4
DA:163,4
DA:164,1
DA:165,1
DA:166,1
DA:167,4
DA:169,4
DA:170,0
DA:171,0
DA:172,0
DA:173,4
DA:175,4
DA:176,0
DA:177,0
DA:178,0
DA:179,4
DA:181,4
DA:182,4
DA:183,4
DA:184,4
DA:185,4
DA:186,4
DA:187,2
DA:188,4
DA:190,4
DA:191,0
DA:192,0
DA:193,0
DA:194,0
DA:195,0
DA:196,0
DA:197,0
DA:198,0
DA:199,0
DA:200,0
DA:201,0
DA:202,4
DA:204,4
DA:205,4
DA:206,4
DA:207,0
DA:208,0
DA:209,0
DA:210,0
DA:211,0
DA:212,0
DA:213,0
DA:214,0
DA:215,0
DA:216,4
DA:217,4
DA:219,4
DA:220,4
DA:221,4
DA:222,4
DA:223,4
DA:224,4
DA:225,4
DA:226,4
DA:227,4
DA:228,4
DA:229,4
DA:230,4
DA:231,4
DA:232,4
DA:233,4
DA:234,4
DA:235,4
DA:236,0
DA:237,0
DA:238,0
DA:239,0
DA:240,0
DA:241,4
DA:242,4
DA:244,4
DA:245,4
DA:246,4
DA:247,4
DA:252,1
DA:253,4
DA:254,4
DA:255,4
DA:256,4
DA:258,4
DA:259,4
DA:260,4
DA:261,4
DA:262,4
DA:263,4
DA:264,4
DA:266,4
DA:267,4
DA:273,1
DA:274,22
DA:276,22
DA:277,22
DA:279,22
DA:280,5
DA:281,5
DA:282,5
DA:283,6
DA:284,6
DA:285,6
DA:286,6
DA:287,5
DA:288,22
DA:290,22
DA:291,26
DA:292,22
DA:294,22
DA:295,22
LF:245
LH:178
BRDA:15,0,0,1
BRDA:16,1,0,31
BRDA:18,2,0,30
BRDA:18,3,0,1
BRDA:23,4,0,4
BRDA:40,5,0,4
BRDA:41,6,0,4
BRDA:42,7,0,3
BRDA:42,8,0,1
BRDA:42,9,0,3
BRDA:43,10,0,0
BRDA:47,11,0,2
BRDA:51,12,0,4
BRDA:61,13,0,4
BRDA:66,14,0,0
BRDA:67,15,0,0
BRDA:64,16,0,10
BRDA:64,17,0,9
BRDA:64,18,0,1
BRDA:64,19,0,9
BRDA:72,20,0,4
BRDA:73,21,0,2
BRDA:74,22,0,1
BRDA:74,23,0,1
BRDA:76,24,0,0
BRDA:76,25,0,1
BRDA:79,26,0,2
BRDA:80,27,0,0
BRDA:82,28,0,0
BRDA:87,29,0,2
BRDA:88,30,0,0
BRDA:91,31,0,1
BRDA:91,32,0,1
BRDA:91,33,0,1
BRDA:92,34,0,0
BRDA:96,35,0,9
BRDA:97,36,0,2
BRDA:97,37,0,1
BRDA:97,38,0,1
BRDA:97,39,0,7
BRDA:98,40,0,5
BRDA:98,41,0,5
BRDA:98,42,0,2
BRDA:102,43,0,4
BRDA:139,44,0,4
BRDA:153,45,0,7
BRDA:154,46,0,0
BRDA:156,47,0,0
BRDA:158,48,0,2
BRDA:158,49,0,5
BRDA:159,50,0,2
BRDA:159,51,0,3
BRDA:163,52,0,1
BRDA:164,53,0,0
BRDA:165,54,0,0
BRDA:166,55,0,3
BRDA:166,56,0,0
BRDA:181,57,0,1
BRDA:183,58,0,1
BRDA:183,59,0,0
BRDA:184,60,0,1
BRDA:184,61,0,0
BRDA:186,62,0,2
BRDA:187,63,0,6
BRDA:187,64,0,0
BRDA:204,65,0,1
BRDA:219,66,0,4
BRDA:220,67,0,7
BRDA:221,68,0,2
BRDA:222,69,0,1
BRDA:223,70,0,5
BRDA:223,71,0,3
BRDA:224,72,0,2
BRDA:225,73,0,1
BRDA:226,74,0,2
BRDA:227,75,0,1
BRDA:228,76,0,2
BRDA:228,77,0,1
BRDA:229,78,0,1
BRDA:230,79,0,4
BRDA:232,80,0,2
BRDA:233,81,0,2
BRDA:234,82,0,1
BRDA:244,83,0,4
BRDA:245,84,0,1
BRDA:246,85,0,1
BRDA:252,86,0,4
BRDA:273,87,0,22
BRDA:276,88,0,31
BRDA:277,89,0,31
BRDA:279,90,0,5
BRDA:282,91,0,6
BRDA:284,92,0,5
BRDA:290,93,0,26
BRF:94
BRH:78
end_of_record
TN:
SF:src/shared/template-patterns.ts
FN:54,extractVariableFromExpression
FN:69,isJinja2Keyword
FNF:2
FNH:0
FNDA:0,extractVariableFromExpression
FNDA:0,isJinja2Keyword
DA:9,1
DA:11,1
DA:14,1
DA:17,1
DA:20,1
DA:23,1
DA:26,1
DA:29,1
DA:32,1
DA:33,1
DA:36,1
DA:37,1
DA:38,1
DA:39,1
DA:40,1
DA:41,1
DA:42,1
DA:43,1
DA:44,1
DA:45,1
DA:46,1
DA:47,1
DA:48,1
DA:54,1
DA:55,0
DA:56,0
DA:58,0
DA:59,0
DA:60,0
DA:61,0
DA:63,0
DA:64,0
DA:69,1
DA:70,0
DA:71,0
LF:35
LH:25
BRF:0
BRH:0
end_of_record
TN:
SF:src/shared/types.ts
FN:1,(empty-report)
FNF:1
FNH:1
FNDA:1,(empty-report)
LF:0
LH:0
BRDA:1,0,0,1
BRF:1
BRH:1
end_of_record
